SF:lib\queries.graphql.dart
DA:9,0
DA:16,0
DA:17,0
DA:29,0
DA:30,0
DA:31,0
DA:32,0
DA:33,0
DA:34,0
DA:35,0
DA:38,0
DA:41,0
DA:43,0
DA:44,0
DA:45,0
DA:46,0
DA:47,0
DA:48,0
DA:49,0
DA:50,0
DA:51,0
DA:52,0
DA:53,0
DA:54,0
DA:60,0
DA:65,0
DA:66,0
DA:67,0
DA:68,0
DA:69,0
DA:108,0
DA:112,0
DA:113,0
DA:118,0
DA:120,0
DA:122,0
DA:123,0
DA:129,0
DA:135,0
DA:152,0
DA:153,0
DA:185,0
DA:186,0
DA:187,0
DA:188,0
DA:189,0
DA:190,0
DA:191,0
DA:192,0
DA:193,0
DA:194,0
DA:195,0
DA:196,0
DA:197,0
DA:198,0
DA:199,0
DA:200,0
DA:201,0
DA:213,0
DA:214,0
DA:219,0
DA:222,0
DA:224,0
DA:225,0
DA:226,0
DA:227,0
DA:228,0
DA:229,0
DA:230,0
DA:231,0
DA:232,0
DA:233,0
DA:234,0
DA:235,0
DA:236,0
DA:237,0
DA:238,0
DA:239,0
DA:240,0
DA:241,0
DA:242,0
DA:243,0
DA:244,0
DA:245,0
DA:246,0
DA:247,0
DA:248,0
DA:249,0
DA:250,0
DA:251,0
DA:252,0
DA:253,0
DA:254,0
DA:255,0
DA:256,0
DA:257,0
DA:258,0
DA:259,0
DA:260,0
DA:261,0
DA:262,0
DA:263,0
DA:266,0
DA:267,0
DA:268,0
DA:269,0
DA:270,0
DA:271,0
DA:272,0
DA:275,0
DA:276,0
DA:277,0
DA:283,0
DA:298,0
DA:299,0
DA:300,0
DA:301,0
DA:302,0
DA:303,0
DA:305,0
DA:307,0
DA:309,0
DA:310,0
DA:312,0
DA:314,0
DA:315,0
DA:316,0
DA:318,0
DA:319,0
DA:488,0
DA:492,0
DA:493,0
DA:498,0
DA:500,0
DA:502,0
DA:503,0
DA:508,0
DA:514,0
DA:518,0
DA:519,0
DA:528,0
DA:529,0
DA:530,0
DA:531,0
DA:532,0
DA:533,0
DA:536,0
DA:539,0
DA:540,0
DA:541,0
DA:542,0
DA:543,0
DA:544,0
DA:545,0
DA:546,0
DA:547,0
DA:548,0
DA:549,0
DA:556,0
DA:558,0
DA:559,0
DA:560,0
DA:561,0
DA:566,0
DA:570,0
DA:571,0
DA:580,0
DA:581,0
DA:582,0
DA:583,0
DA:584,0
DA:585,0
DA:588,0
DA:591,0
DA:592,0
DA:593,0
DA:594,0
DA:595,0
DA:596,0
DA:597,0
DA:598,0
DA:599,0
DA:600,0
DA:601,0
DA:608,0
DA:610,0
DA:611,0
DA:612,0
DA:613,0
DA:618,0
DA:622,0
DA:624,0
DA:631,0
DA:632,0
DA:633,0
DA:634,0
DA:635,0
DA:636,0
DA:639,0
DA:642,0
DA:643,0
DA:644,0
DA:645,0
DA:646,0
DA:647,0
DA:648,0
DA:649,0
DA:656,0
DA:658,0
DA:659,0
DA:660,0
DA:665,0
DA:674,0
DA:675,0
DA:691,0
DA:692,0
DA:693,0
DA:694,0
DA:695,0
DA:696,0
DA:697,0
DA:698,0
DA:699,0
DA:700,0
DA:703,0
DA:706,0
DA:707,0
DA:708,0
DA:709,0
DA:710,0
DA:711,0
DA:712,0
DA:713,0
DA:714,0
DA:715,0
DA:716,0
DA:717,0
DA:718,0
DA:719,0
DA:720,0
DA:721,0
DA:722,0
DA:723,0
DA:724,0
DA:725,0
DA:732,0
DA:739,0
DA:740,0
DA:741,0
DA:742,0
DA:743,0
DA:744,0
DA:745,0
DA:810,0
DA:814,0
DA:815,0
DA:820,0
DA:822,0
DA:824,0
DA:825,0
DA:831,0
DA:837,0
DA:841,0
DA:843,0
DA:850,0
DA:851,0
DA:852,0
DA:853,0
DA:854,0
DA:855,0
DA:858,0
DA:861,0
DA:862,0
DA:863,0
DA:864,0
DA:865,0
DA:866,0
DA:867,0
DA:868,0
DA:875,0
DA:877,0
DA:878,0
DA:879,0
DA:884,1
DA:887,0
DA:888,0
DA:893,1
DA:894,1
DA:895,0
DA:896,0
DA:897,0
DA:900,0
DA:903,0
DA:904,0
DA:905,0
DA:906,0
DA:907,0
DA:908,0
DA:909,0
DA:910,0
DA:911,0
DA:920,1
DA:924,1
DA:925,1
DA:932,0
DA:933,0
DA:934,0
DA:935,0
DA:936,0
DA:937,0
DA:940,0
DA:943,0
DA:945,0
DA:946,0
DA:947,0
DA:948,0
DA:949,0
DA:950,0
DA:951,0
DA:954,0
DA:955,0
DA:956,0
DA:962,0
DA:965,0
DA:967,0
DA:968,0
DA:1017,1
DA:1019,1
DA:1023,1
DA:1032,1
DA:1033,1
DA:1047,0
DA:1059,0
DA:1060,0
DA:1076,0
DA:1079,0
DA:1081,0
DA:1086,1
DA:1088,2
DA:1089,0
DA:1091,0
DA:1092,0
DA:1096,0
DA:1097,0
DA:1099,0
DA:1100,0
DA:1101,0
DA:1103,0
DA:1106,0
DA:1107,0
DA:1109,0
DA:1110,0
DA:1112,0
DA:1119,1
DA:1128,1
DA:1130,1
DA:1146,0
DA:1147,0
DA:1148,0
DA:1149,0
DA:1150,0
DA:1151,0
DA:1152,0
DA:1153,0
DA:1154,0
DA:1155,0
DA:1156,0
DA:1159,0
DA:1162,0
DA:1163,0
DA:1164,0
DA:1165,0
DA:1166,0
DA:1167,0
DA:1168,0
DA:1169,0
DA:1170,0
DA:1171,0
DA:1172,0
DA:1173,0
DA:1174,0
DA:1175,0
DA:1176,0
DA:1177,0
DA:1178,0
DA:1179,0
DA:1180,0
DA:1181,0
DA:1188,0
DA:1195,0
DA:1196,0
DA:1197,0
DA:1198,0
DA:1199,0
DA:1200,0
DA:1201,0
DA:1207,0
DA:1211,0
DA:1213,0
DA:1220,0
DA:1221,0
DA:1222,0
DA:1223,0
DA:1224,0
DA:1225,0
DA:1228,0
DA:1231,0
DA:1232,0
DA:1233,0
DA:1234,0
DA:1235,0
DA:1236,0
DA:1237,0
DA:1238,0
DA:1245,0
DA:1247,0
DA:1248,0
DA:1249,0
DA:1254,1
DA:1257,0
DA:1258,0
DA:1263,2
DA:1264,0
DA:1265,0
DA:1266,0
DA:1269,0
DA:1272,0
DA:1273,0
DA:1274,0
DA:1275,0
DA:1276,0
DA:1277,0
DA:1278,0
DA:1279,0
DA:1280,0
DA:1289,1
DA:1292,1
DA:1293,1
DA:1300,0
DA:1301,0
DA:1302,0
DA:1303,0
DA:1304,0
DA:1305,0
DA:1308,0
DA:1311,0
DA:1313,0
DA:1314,0
DA:1315,0
DA:1316,0
DA:1317,0
DA:1318,0
DA:1319,0
DA:1322,0
DA:1323,0
DA:1324,0
DA:1330,0
DA:1332,0
DA:1333,0
DA:1334,0
DA:1383,1
DA:1384,1
DA:1387,1
DA:1396,1
DA:1397,1
DA:1411,0
DA:1423,0
DA:1424,0
DA:1440,0
DA:1443,0
DA:1445,0
DA:1450,1
DA:1452,2
DA:1453,0
DA:1455,0
DA:1456,0
DA:1460,0
DA:1461,0
DA:1462,0
DA:1463,0
DA:1464,0
DA:1466,0
DA:1468,0
DA:1469,0
DA:1470,0
DA:1471,0
DA:1473,0
DA:1479,1
DA:1496,1
DA:1497,1
DA:1529,0
DA:1530,0
DA:1531,0
DA:1532,0
DA:1533,0
DA:1534,0
DA:1535,0
DA:1536,0
DA:1537,0
DA:1538,0
DA:1539,0
DA:1540,0
DA:1541,0
DA:1542,0
DA:1543,0
DA:1544,0
DA:1545,0
DA:1557,0
DA:1558,0
DA:1563,0
DA:1566,0
DA:1568,0
DA:1569,0
DA:1570,0
DA:1571,0
DA:1572,0
DA:1573,0
DA:1574,0
DA:1575,0
DA:1576,0
DA:1577,0
DA:1578,0
DA:1579,0
DA:1580,0
DA:1581,0
DA:1582,0
DA:1583,0
DA:1584,0
DA:1585,0
DA:1586,0
DA:1587,0
DA:1588,0
DA:1589,0
DA:1590,0
DA:1591,0
DA:1592,0
DA:1593,0
DA:1594,0
DA:1595,0
DA:1596,0
DA:1597,0
DA:1598,0
DA:1599,0
DA:1600,0
DA:1601,0
DA:1602,0
DA:1603,0
DA:1604,0
DA:1605,0
DA:1606,0
DA:1607,0
DA:1610,0
DA:1611,0
DA:1612,0
DA:1613,0
DA:1614,0
DA:1615,0
DA:1616,0
DA:1619,0
DA:1620,0
DA:1621,0
DA:1627,0
DA:1642,0
DA:1643,0
DA:1644,0
DA:1645,0
DA:1646,0
DA:1647,0
DA:1649,0
DA:1651,0
DA:1653,0
DA:1654,0
DA:1656,0
DA:1658,0
DA:1659,0
DA:1660,0
DA:1662,0
DA:1663,0
DA:1668,1
DA:1672,1
DA:1673,1
DA:1682,0
DA:1683,0
DA:1684,0
DA:1685,0
DA:1686,0
DA:1687,0
DA:1690,0
DA:1693,0
DA:1694,0
DA:1695,0
DA:1696,0
DA:1697,0
DA:1698,0
DA:1699,0
DA:1700,0
DA:1701,0
DA:1702,0
DA:1703,0
DA:1710,0
DA:1712,0
DA:1713,0
DA:1714,0
DA:1715,0
DA:1720,1
DA:1724,1
DA:1725,1
DA:1734,0
DA:1735,0
DA:1736,0
DA:1737,0
DA:1738,0
DA:1739,0
DA:1742,0
DA:1745,0
DA:1746,0
DA:1747,0
DA:1748,0
DA:1749,0
DA:1750,0
DA:1751,0
DA:1752,0
DA:1753,0
DA:1754,0
DA:1755,0
DA:1762,0
DA:1764,0
DA:1765,0
DA:1766,0
DA:1767,0
DA:1773,1
DA:1777,1
DA:1779,1
DA:1786,0
DA:1787,0
DA:1788,0
DA:1789,0
DA:1790,0
DA:1791,0
DA:1794,0
DA:1797,0
DA:1798,0
DA:1799,0
DA:1800,0
DA:1801,0
DA:1802,0
DA:1803,0
DA:1804,0
DA:1811,0
DA:1813,0
DA:1814,0
DA:1815,0
DA:1820,0
DA:1823,0
DA:1824,0
DA:1829,0
DA:1830,0
DA:1831,0
DA:1832,0
DA:1835,0
DA:1838,0
DA:1839,0
DA:1840,0
DA:1841,0
DA:1842,0
DA:1843,0
DA:1844,0
DA:1845,0
DA:1846,0
DA:1855,0
DA:1858,0
DA:1859,0
DA:1866,0
DA:1867,0
DA:1868,0
DA:1869,0
DA:1870,0
DA:1871,0
DA:1874,0
DA:1877,0
DA:1879,0
DA:1880,0
DA:1881,0
DA:1882,0
DA:1883,0
DA:1884,0
DA:1885,0
DA:1888,0
DA:1889,0
DA:1890,0
DA:1896,0
DA:1898,0
DA:1899,0
DA:1900,0
DA:1949,0
DA:1950,0
DA:1954,0
DA:1963,0
DA:1964,0
DA:1978,0
DA:1990,0
DA:1991,0
DA:2007,0
DA:2010,0
DA:2012,0
DA:2017,0
DA:2019,0
DA:2020,0
DA:2022,0
DA:2023,0
DA:2027,0
DA:2028,0
DA:2029,0
DA:2030,0
DA:2031,0
DA:2033,0
DA:2036,0
DA:2037,0
DA:2038,0
DA:2039,0
DA:2041,0
DA:2047,0
DA:2054,0
DA:2055,0
DA:2067,0
DA:2068,0
DA:2069,0
DA:2070,0
DA:2071,0
DA:2072,0
DA:2073,0
DA:2076,0
DA:2079,0
DA:2080,0
DA:2081,0
DA:2082,0
DA:2083,0
DA:2084,0
DA:2085,0
DA:2086,0
DA:2087,0
DA:2088,0
DA:2089,0
DA:2090,0
DA:2091,0
DA:2092,0
DA:2099,0
DA:2104,0
DA:2105,0
DA:2106,0
DA:2107,0
DA:2108,0
LF:752
LH:40
end_of_record
SF:lib\queries.graphql.g.dart
DA:9,0
DA:11,0
DA:12,0
DA:14,0
DA:15,0
DA:16,0
DA:19,0
DA:21,0
DA:22,0
DA:23,0
DA:24,0
DA:25,0
DA:34,0
DA:35,0
DA:36,0
DA:38,0
DA:39,0
DA:40,0
DA:41,0
DA:42,0
DA:43,0
DA:44,0
DA:45,0
DA:46,0
DA:47,0
DA:49,0
DA:50,0
DA:51,0
DA:52,0
DA:53,0
DA:54,0
DA:55,0
DA:56,0
DA:58,0
DA:59,0
DA:62,0
DA:64,0
DA:65,0
DA:66,0
DA:67,0
DA:68,0
DA:69,0
DA:70,0
DA:71,0
DA:72,0
DA:73,0
DA:74,0
DA:75,0
DA:76,0
DA:77,0
DA:78,0
DA:81,0
DA:83,0
DA:84,0
DA:85,0
DA:86,0
DA:89,0
DA:91,0
DA:92,0
DA:93,0
DA:94,0
DA:97,0
DA:99,0
DA:100,0
DA:101,0
DA:102,0
DA:105,0
DA:107,0
DA:108,0
DA:109,0
DA:110,0
DA:113,0
DA:115,0
DA:116,0
DA:117,0
DA:120,0
DA:122,0
DA:123,0
DA:124,0
DA:127,0
DA:129,0
DA:130,0
DA:132,0
DA:133,0
DA:134,0
DA:135,0
DA:137,0
DA:138,0
DA:139,0
DA:142,0
DA:144,0
DA:145,0
DA:146,0
DA:147,0
DA:148,0
DA:149,0
DA:150,0
DA:153,0
DA:155,0
DA:156,0
DA:157,0
DA:160,0
DA:162,0
DA:163,0
DA:164,0
DA:167,0
DA:169,0
DA:170,0
DA:171,0
DA:173,0
DA:176,1
DA:178,1
DA:179,5
DA:182,1
DA:184,1
DA:185,1
DA:186,3
DA:188,1
DA:189,1
DA:192,0
DA:194,0
DA:195,0
DA:196,0
DA:199,1
DA:201,1
DA:202,2
DA:204,1
DA:205,1
DA:206,1
DA:207,1
DA:209,0
DA:210,0
DA:211,1
DA:214,0
DA:216,0
DA:217,0
DA:218,0
DA:219,0
DA:220,0
DA:221,0
DA:222,0
DA:225,0
DA:228,0
DA:229,0
DA:230,0
DA:233,0
DA:235,0
DA:236,0
DA:237,0
DA:240,0
DA:242,0
DA:243,0
DA:244,0
DA:246,0
DA:249,1
DA:251,1
DA:252,5
DA:255,1
DA:256,1
DA:257,1
DA:258,3
DA:259,1
DA:260,1
DA:263,0
DA:264,0
DA:265,0
DA:266,0
DA:269,1
DA:271,1
DA:272,2
DA:274,1
DA:275,1
DA:276,1
DA:277,1
DA:278,1
DA:279,1
DA:280,1
DA:281,1
DA:282,1
DA:283,1
DA:285,1
DA:286,1
DA:287,1
DA:288,2
DA:289,1
DA:290,1
DA:291,1
DA:292,3
DA:294,1
DA:295,1
DA:298,0
DA:300,0
DA:301,0
DA:302,0
DA:303,0
DA:304,0
DA:305,0
DA:306,0
DA:307,0
DA:308,0
DA:309,0
DA:310,0
DA:311,0
DA:312,0
DA:313,0
DA:314,0
DA:317,1
DA:319,1
DA:320,1
DA:321,1
DA:322,1
DA:325,0
DA:327,0
DA:328,0
DA:329,0
DA:330,0
DA:333,1
DA:335,1
DA:336,1
DA:337,1
DA:338,1
DA:341,0
DA:343,0
DA:344,0
DA:345,0
DA:346,0
DA:349,1
DA:351,1
DA:352,1
DA:353,1
DA:356,0
DA:358,0
DA:359,0
DA:360,0
DA:363,0
DA:365,0
DA:366,0
DA:367,0
DA:369,0
DA:372,0
DA:374,0
DA:375,0
DA:378,0
DA:379,0
DA:380,0
DA:381,0
DA:382,0
DA:383,0
DA:384,0
DA:387,0
DA:388,0
DA:389,0
DA:390,0
DA:393,0
DA:395,0
DA:396,0
DA:398,0
DA:399,0
DA:400,0
DA:403,0
DA:405,0
DA:406,0
DA:407,0
DA:408,0
DA:409,0
LF:265
LH:63
end_of_record
SF:lib\schema.graphql.dart
DA:6,0
DA:9,0
DA:10,0
DA:16,0
DA:17,0
DA:18,0
DA:19,0
DA:20,0
DA:23,0
DA:26,0
DA:28,0
DA:29,0
DA:30,0
DA:31,0
DA:32,0
DA:33,0
DA:40,0
DA:54,0
DA:55,0
DA:79,0
DA:80,0
DA:81,0
DA:82,0
DA:83,0
DA:84,0
DA:85,0
DA:86,0
DA:87,0
DA:88,0
DA:89,0
DA:90,0
DA:91,0
DA:92,0
DA:107,0
DA:110,0
DA:112,0
DA:113,0
DA:114,0
DA:115,0
DA:116,0
DA:117,0
DA:118,0
DA:119,0
DA:120,0
DA:121,0
DA:122,0
DA:123,0
DA:124,0
DA:125,0
DA:126,0
DA:127,0
DA:128,0
DA:129,0
DA:130,0
DA:131,0
DA:132,0
DA:133,0
DA:134,0
DA:135,0
DA:136,0
DA:137,0
DA:138,0
DA:139,0
DA:140,0
DA:141,0
DA:142,0
DA:143,0
DA:144,0
DA:151,0
DA:162,0
DA:164,0
DA:182,0
DA:183,0
DA:184,0
DA:185,0
DA:186,0
DA:187,0
DA:188,0
DA:189,0
DA:190,0
DA:191,0
DA:192,0
DA:193,0
DA:205,0
DA:208,0
DA:209,0
DA:210,0
DA:211,0
DA:212,0
DA:213,0
DA:214,0
DA:215,0
DA:216,0
DA:217,0
DA:218,0
DA:219,0
DA:220,0
DA:221,0
DA:222,0
DA:223,0
DA:224,0
DA:225,0
DA:226,0
DA:227,0
DA:228,0
DA:229,0
DA:230,0
DA:231,0
DA:232,0
DA:233,0
DA:240,0
DA:244,0
DA:246,0
DA:253,0
DA:254,0
DA:255,0
DA:256,0
DA:257,0
DA:258,0
DA:261,0
DA:264,0
DA:265,0
DA:266,0
DA:267,0
DA:268,0
DA:269,0
DA:270,0
DA:271,0
DA:278,0
DA:281,0
DA:283,0
DA:287,0
DA:288,0
DA:289,0
DA:290,0
DA:291,0
DA:292,0
DA:295,0
DA:298,0
DA:299,0
DA:300,0
DA:301,0
DA:303,0
DA:304,0
DA:305,0
DA:306,0
DA:307,0
DA:309,0
DA:319,0
DA:322,0
DA:324,0
DA:330,0
DA:331,0
DA:332,0
DA:333,0
DA:334,0
DA:335,0
DA:336,0
DA:337,0
DA:341,0
DA:344,0
DA:345,0
DA:346,0
DA:347,0
DA:349,0
DA:350,0
DA:351,0
DA:352,0
DA:353,0
DA:355,0
DA:359,0
DA:360,0
DA:362,0
DA:363,0
DA:364,0
DA:365,0
DA:366,0
DA:368,0
DA:378,0
DA:381,0
DA:382,0
DA:388,0
DA:389,0
DA:390,0
DA:391,0
DA:392,0
DA:393,0
DA:396,0
DA:399,0
DA:400,0
DA:401,0
DA:402,0
DA:403,0
DA:404,0
DA:405,0
DA:406,0
DA:413,0
DA:466,0
DA:467,0
DA:570,0
DA:571,0
DA:572,0
DA:573,0
DA:574,0
DA:575,0
DA:576,0
DA:577,0
DA:578,0
DA:579,0
DA:580,0
DA:581,0
DA:582,0
DA:583,0
DA:584,0
DA:585,0
DA:586,0
DA:587,0
DA:588,0
DA:589,0
DA:590,0
DA:591,0
DA:592,0
DA:593,0
DA:594,0
DA:595,0
DA:596,0
DA:597,0
DA:598,0
DA:599,0
DA:600,0
DA:601,0
DA:602,0
DA:603,0
DA:604,0
DA:605,0
DA:606,0
DA:607,0
DA:608,0
DA:609,0
DA:610,0
DA:611,0
DA:612,0
DA:613,0
DA:614,0
DA:615,0
DA:616,0
DA:617,0
DA:618,0
DA:619,0
DA:620,0
DA:621,0
DA:622,0
DA:624,0
DA:625,0
DA:626,0
DA:631,0
DA:634,0
DA:643,0
DA:646,0
DA:655,0
DA:658,0
DA:665,0
DA:666,0
DA:688,0
DA:691,0
DA:692,0
DA:693,0
DA:694,0
DA:695,0
DA:696,0
DA:697,0
DA:699,0
DA:700,0
DA:701,0
DA:702,0
DA:703,0
DA:705,0
DA:709,0
DA:710,0
DA:712,0
DA:713,0
DA:714,0
DA:715,0
DA:716,0
DA:718,0
DA:722,0
DA:723,0
DA:725,0
DA:726,0
DA:727,0
DA:728,0
DA:729,0
DA:731,0
DA:735,0
DA:736,0
DA:737,0
DA:738,0
DA:739,0
DA:740,0
DA:741,0
DA:742,0
DA:744,0
DA:745,0
DA:746,0
DA:747,0
DA:748,0
DA:750,0
DA:754,0
DA:755,0
DA:757,0
DA:759,0
DA:760,0
DA:761,0
DA:762,0
DA:765,0
DA:769,0
DA:770,0
DA:771,0
DA:772,0
DA:773,0
DA:774,0
DA:775,0
DA:776,0
DA:777,0
DA:778,0
DA:779,0
DA:780,0
DA:781,0
DA:782,0
DA:783,0
DA:784,0
DA:785,0
DA:786,0
DA:787,0
DA:788,0
DA:790,0
DA:791,0
DA:792,0
DA:793,0
DA:794,0
DA:796,0
DA:800,0
DA:801,0
DA:803,0
DA:805,0
DA:806,0
DA:807,0
DA:808,0
DA:811,0
DA:815,0
DA:816,0
DA:817,0
DA:818,0
DA:819,0
DA:820,0
DA:821,0
DA:822,0
DA:823,0
DA:824,0
DA:825,0
DA:826,0
DA:827,0
DA:828,0
DA:829,0
DA:830,0
DA:831,0
DA:832,0
DA:833,0
DA:834,0
DA:836,0
DA:837,0
DA:838,0
DA:839,0
DA:840,0
DA:842,0
DA:846,0
DA:847,0
DA:849,0
DA:851,0
DA:852,0
DA:853,0
DA:854,0
DA:857,0
DA:861,0
DA:862,0
DA:863,0
DA:864,0
DA:865,0
DA:866,0
DA:867,0
DA:868,0
DA:869,0
DA:870,0
DA:871,0
DA:872,0
DA:873,0
DA:874,0
DA:875,0
DA:876,0
DA:877,0
DA:878,0
DA:879,0
DA:880,0
DA:882,0
DA:883,0
DA:884,0
DA:885,0
DA:886,0
DA:888,0
DA:892,0
DA:893,0
DA:895,0
DA:896,0
DA:897,0
DA:898,0
DA:899,0
DA:901,0
DA:905,0
DA:906,0
DA:907,0
DA:908,0
DA:909,0
DA:910,0
DA:911,0
DA:912,0
DA:913,0
DA:914,0
DA:915,0
DA:916,0
DA:917,0
DA:918,0
DA:919,0
DA:920,0
DA:921,0
DA:922,0
DA:923,0
DA:924,0
DA:925,0
DA:926,0
DA:927,0
DA:928,0
DA:929,0
DA:930,0
DA:931,0
DA:932,0
DA:933,0
DA:934,0
DA:935,0
DA:936,0
DA:937,0
DA:938,0
DA:939,0
DA:940,0
DA:941,0
DA:942,0
DA:943,0
DA:944,0
DA:945,0
DA:946,0
DA:947,0
DA:948,0
DA:949,0
DA:950,0
DA:951,0
DA:952,0
DA:953,0
DA:954,0
DA:955,0
DA:956,0
DA:957,0
DA:958,0
DA:965,0
DA:969,0
DA:970,0
DA:978,0
DA:979,0
DA:980,0
DA:981,0
DA:982,0
DA:983,0
DA:986,0
DA:989,0
DA:990,0
DA:991,0
DA:992,0
DA:993,0
DA:994,0
DA:995,0
DA:996,0
DA:997,0
DA:998,0
DA:999,0
DA:1006,0
DA:1018,0
DA:1019,0
DA:1039,0
DA:1040,0
DA:1041,0
DA:1042,0
DA:1043,0
DA:1044,0
DA:1045,0
DA:1046,0
DA:1047,0
DA:1048,0
DA:1049,0
DA:1050,0
DA:1063,0
DA:1066,0
DA:1068,0
DA:1069,0
DA:1070,0
DA:1071,0
DA:1072,0
DA:1073,0
DA:1074,0
DA:1075,0
DA:1076,0
DA:1077,0
DA:1078,0
DA:1079,0
DA:1080,0
DA:1081,0
DA:1082,0
DA:1083,0
DA:1084,0
DA:1085,0
DA:1086,0
DA:1087,0
DA:1088,0
DA:1089,0
DA:1090,0
DA:1091,0
DA:1092,0
DA:1093,0
DA:1094,0
DA:1101,0
DA:1110,0
DA:1112,0
DA:1126,0
DA:1127,0
DA:1128,0
DA:1129,0
DA:1130,0
DA:1131,0
DA:1132,0
DA:1133,0
DA:1134,0
DA:1135,0
DA:1136,0
DA:1139,0
DA:1142,0
DA:1143,0
DA:1144,0
DA:1145,0
DA:1146,0
DA:1147,0
DA:1148,0
DA:1149,0
DA:1150,0
DA:1151,0
DA:1152,0
DA:1153,0
DA:1154,0
DA:1155,0
DA:1156,0
DA:1157,0
DA:1158,0
DA:1159,0
DA:1160,0
DA:1161,0
DA:1168,0
DA:1172,0
DA:1174,0
DA:1181,0
DA:1182,0
DA:1183,0
DA:1184,0
DA:1185,0
DA:1186,0
DA:1189,0
DA:1192,0
DA:1193,0
DA:1194,0
DA:1195,0
DA:1196,0
DA:1197,0
DA:1198,0
DA:1199,0
DA:1206,0
DA:1210,0
DA:1212,0
DA:1223,0
DA:1224,0
DA:1225,0
DA:1226,0
DA:1227,0
DA:1228,0
DA:1229,0
DA:1230,0
DA:1231,0
DA:1232,0
DA:1233,0
DA:1234,0
DA:1238,0
DA:1241,0
DA:1242,0
DA:1243,0
DA:1244,0
DA:1246,0
DA:1247,0
DA:1248,0
DA:1249,0
DA:1250,0
DA:1252,0
DA:1256,0
DA:1257,0
DA:1259,0
DA:1260,0
DA:1261,0
DA:1262,0
DA:1263,0
DA:1265,0
DA:1269,0
DA:1270,0
DA:1272,0
DA:1273,0
DA:1274,0
DA:1275,0
DA:1276,0
DA:1278,0
DA:1282,0
DA:1283,0
DA:1285,0
DA:1286,0
DA:1287,0
DA:1288,0
DA:1289,0
DA:1291,0
DA:1301,0
DA:1311,0
DA:1313,0
DA:1330,0
DA:1331,0
DA:1332,0
DA:1333,0
DA:1334,0
DA:1335,0
DA:1336,0
DA:1337,0
DA:1338,0
DA:1339,0
DA:1340,0
DA:1341,0
DA:1342,0
DA:1343,0
DA:1344,0
DA:1345,0
DA:1346,0
DA:1347,0
DA:1351,0
DA:1354,0
DA:1355,0
DA:1356,0
DA:1357,0
DA:1359,0
DA:1360,0
DA:1361,0
DA:1362,0
DA:1363,0
DA:1365,0
DA:1369,0
DA:1370,0
DA:1372,0
DA:1373,0
DA:1374,0
DA:1375,0
DA:1376,0
DA:1378,0
DA:1382,0
DA:1383,0
DA:1385,0
DA:1386,0
DA:1387,0
DA:1388,0
DA:1389,0
DA:1391,0
DA:1395,0
DA:1396,0
DA:1398,0
DA:1399,0
DA:1400,0
DA:1401,0
DA:1402,0
DA:1404,0
DA:1408,0
DA:1409,0
DA:1411,0
DA:1412,0
DA:1413,0
DA:1414,0
DA:1415,0
DA:1417,0
DA:1421,0
DA:1422,0
DA:1424,0
DA:1425,0
DA:1426,0
DA:1427,0
DA:1428,0
DA:1430,0
DA:1434,0
DA:1435,0
DA:1437,0
DA:1438,0
DA:1439,0
DA:1440,0
DA:1441,0
DA:1443,0
DA:1453,0
DA:1462,0
DA:1463,0
DA:1477,0
DA:1478,0
DA:1479,0
DA:1480,0
DA:1481,0
DA:1482,0
DA:1483,0
DA:1484,0
DA:1485,0
DA:1486,0
DA:1489,0
DA:1492,0
DA:1493,0
DA:1494,0
DA:1495,0
DA:1496,0
DA:1497,0
DA:1498,0
DA:1499,0
DA:1500,0
DA:1501,0
DA:1502,0
DA:1503,0
DA:1504,0
DA:1505,0
DA:1506,0
DA:1507,0
DA:1508,0
DA:1509,0
DA:1510,0
DA:1511,0
DA:1518,0
DA:1522,0
DA:1524,0
DA:1536,0
DA:1537,0
DA:1538,0
DA:1539,0
DA:1540,0
DA:1541,0
DA:1542,0
DA:1543,0
DA:1544,0
DA:1547,0
DA:1550,0
DA:1551,0
DA:1552,0
DA:1553,0
DA:1554,0
DA:1555,0
DA:1556,0
DA:1557,0
DA:1558,0
DA:1559,0
DA:1560,0
DA:1561,0
DA:1562,0
DA:1563,0
DA:1564,0
DA:1565,0
DA:1566,0
DA:1573,0
DA:1577,0
DA:1579,0
DA:1586,0
DA:1587,0
DA:1588,0
DA:1589,0
DA:1590,0
DA:1591,0
DA:1594,0
DA:1597,0
DA:1598,0
DA:1599,0
DA:1600,0
DA:1601,0
DA:1602,0
DA:1603,0
DA:1604,0
DA:1611,0
DA:1614,0
DA:1616,0
DA:1620,0
DA:1621,0
DA:1622,0
DA:1623,0
DA:1624,0
DA:1625,0
DA:1628,0
DA:1631,0
DA:1632,0
DA:1633,0
DA:1634,0
DA:1636,0
DA:1637,0
DA:1638,0
DA:1639,0
DA:1640,0
DA:1642,0
DA:1652,0
DA:1656,0
DA:1658,0
DA:1664,0
DA:1665,0
DA:1666,0
DA:1667,0
DA:1668,0
DA:1669,0
DA:1672,0
DA:1675,0
DA:1676,0
DA:1677,0
DA:1678,0
DA:1679,0
DA:1680,0
DA:1681,0
DA:1682,0
DA:1689,0
DA:1698,0
DA:1699,0
DA:1713,0
DA:1714,0
DA:1715,0
DA:1716,0
DA:1717,0
DA:1718,0
DA:1719,0
DA:1720,0
DA:1721,0
DA:1722,0
DA:1723,0
DA:1726,0
DA:1729,0
DA:1730,0
DA:1731,0
DA:1732,0
DA:1733,0
DA:1734,0
DA:1735,0
DA:1736,0
DA:1737,0
DA:1738,0
DA:1739,0
DA:1740,0
DA:1741,0
DA:1742,0
DA:1743,0
DA:1744,0
DA:1745,0
DA:1746,0
DA:1747,0
DA:1748,0
DA:1755,0
DA:1759,0
DA:1761,0
DA:1767,0
DA:1768,0
DA:1769,0
DA:1770,0
DA:1771,0
DA:1772,0
DA:1775,0
DA:1778,0
DA:1779,0
DA:1780,0
DA:1781,0
DA:1782,0
DA:1783,0
DA:1784,0
DA:1785,0
DA:1792,0
DA:1795,0
DA:1796,0
DA:1802,0
DA:1803,0
DA:1804,0
DA:1805,0
DA:1806,0
DA:1809,0
DA:1812,0
DA:1814,0
DA:1815,0
DA:1816,0
DA:1817,0
DA:1818,0
DA:1819,0
DA:1826,0
DA:1830,0
DA:1832,0
DA:1841,0
DA:1842,0
DA:1843,0
DA:1844,0
DA:1845,0
DA:1846,0
DA:1847,0
DA:1850,0
DA:1853,0
DA:1854,0
DA:1855,0
DA:1856,0
DA:1857,0
DA:1858,0
DA:1859,0
DA:1860,0
DA:1861,0
DA:1862,0
DA:1863,0
DA:1870,0
DA:1874,0
DA:1876,0
DA:1882,0
DA:1883,0
DA:1884,0
DA:1885,0
DA:1886,0
DA:1887,0
DA:1890,0
DA:1893,0
DA:1894,0
DA:1895,0
DA:1896,0
DA:1897,0
DA:1898,0
DA:1899,0
DA:1900,0
DA:1907,0
DA:2014,0
DA:2015,0
DA:2226,0
DA:2227,0
DA:2228,0
DA:2229,0
DA:2230,0
DA:2231,0
DA:2232,0
DA:2233,0
DA:2234,0
DA:2235,0
DA:2236,0
DA:2237,0
DA:2238,0
DA:2239,0
DA:2240,0
DA:2241,0
DA:2242,0
DA:2243,0
DA:2244,0
DA:2245,0
DA:2246,0
DA:2247,0
DA:2248,0
DA:2249,0
DA:2250,0
DA:2251,0
DA:2252,0
DA:2253,0
DA:2254,0
DA:2255,0
DA:2256,0
DA:2257,0
DA:2258,0
DA:2259,0
DA:2260,0
DA:2261,0
DA:2262,0
DA:2263,0
DA:2264,0
DA:2265,0
DA:2266,0
DA:2267,0
DA:2268,0
DA:2269,0
DA:2270,0
DA:2271,0
DA:2272,0
DA:2273,0
DA:2274,0
DA:2275,0
DA:2276,0
DA:2277,0
DA:2278,0
DA:2279,0
DA:2280,0
DA:2281,0
DA:2282,0
DA:2283,0
DA:2284,0
DA:2285,0
DA:2286,0
DA:2287,0
DA:2288,0
DA:2289,0
DA:2290,0
DA:2291,0
DA:2292,0
DA:2293,0
DA:2294,0
DA:2295,0
DA:2296,0
DA:2297,0
DA:2298,0
DA:2299,0
DA:2300,0
DA:2301,0
DA:2302,0
DA:2303,0
DA:2304,0
DA:2305,0
DA:2306,0
DA:2307,0
DA:2308,0
DA:2309,0
DA:2310,0
DA:2311,0
DA:2312,0
DA:2313,0
DA:2314,0
DA:2315,0
DA:2316,0
DA:2317,0
DA:2318,0
DA:2319,0
DA:2320,0
DA:2321,0
DA:2322,0
DA:2323,0
DA:2324,0
DA:2325,0
DA:2326,0
DA:2327,0
DA:2328,0
DA:2329,0
DA:2330,0
DA:2331,0
DA:2332,0
DA:2334,0
DA:2335,0
DA:2336,0
DA:2341,0
DA:2344,0
DA:2353,0
DA:2356,0
DA:2363,0
DA:2366,0
DA:2373,0
DA:2376,0
DA:2385,0
DA:2388,0
DA:2397,0
DA:2400,0
DA:2411,0
DA:2414,0
DA:2423,0
DA:2426,0
DA:2435,0
DA:2438,0
DA:2445,0
DA:2446,0
DA:2468,0
DA:2471,0
DA:2473,0
DA:2474,0
DA:2475,0
DA:2476,0
DA:2477,0
DA:2479,0
DA:2480,0
DA:2481,0
DA:2482,0
DA:2483,0
DA:2485,0
DA:2489,0
DA:2490,0
DA:2492,0
DA:2493,0
DA:2494,0
DA:2495,0
DA:2496,0
DA:2498,0
DA:2502,0
DA:2503,0
DA:2505,0
DA:2506,0
DA:2507,0
DA:2508,0
DA:2509,0
DA:2511,0
DA:2515,0
DA:2516,0
DA:2517,0
DA:2518,0
DA:2519,0
DA:2520,0
DA:2521,0
DA:2522,0
DA:2524,0
DA:2525,0
DA:2526,0
DA:2527,0
DA:2528,0
DA:2530,0
DA:2534,0
DA:2535,0
DA:2537,0
DA:2539,0
DA:2540,0
DA:2541,0
DA:2542,0
DA:2545,0
DA:2549,0
DA:2550,0
DA:2551,0
DA:2552,0
DA:2553,0
DA:2554,0
DA:2555,0
DA:2556,0
DA:2557,0
DA:2558,0
DA:2559,0
DA:2560,0
DA:2562,0
DA:2563,0
DA:2564,0
DA:2565,0
DA:2566,0
DA:2567,0
DA:2568,0
DA:2569,0
DA:2570,0
DA:2571,0
DA:2572,0
DA:2573,0
DA:2574,0
DA:2575,0
DA:2577,0
DA:2578,0
DA:2579,0
DA:2580,0
DA:2581,0
DA:2583,0
DA:2587,0
DA:2588,0
DA:2590,0
DA:2591,0
DA:2592,0
DA:2593,0
DA:2594,0
DA:2596,0
DA:2600,0
DA:2601,0
DA:2602,0
DA:2603,0
DA:2604,0
DA:2605,0
DA:2606,0
DA:2607,0
DA:2608,0
DA:2609,0
DA:2610,0
DA:2611,0
DA:2612,0
DA:2613,0
DA:2614,0
DA:2615,0
DA:2616,0
DA:2617,0
DA:2618,0
DA:2619,0
DA:2621,0
DA:2622,0
DA:2623,0
DA:2624,0
DA:2625,0
DA:2627,0
DA:2631,0
DA:2632,0
DA:2634,0
DA:2635,0
DA:2636,0
DA:2637,0
DA:2638,0
DA:2640,0
DA:2644,0
DA:2645,0
DA:2646,0
DA:2647,0
DA:2648,0
DA:2649,0
DA:2650,0
DA:2651,0
DA:2652,0
DA:2653,0
DA:2654,0
DA:2655,0
DA:2656,0
DA:2657,0
DA:2658,0
DA:2659,0
DA:2660,0
DA:2661,0
DA:2662,0
DA:2663,0
DA:2665,0
DA:2666,0
DA:2667,0
DA:2668,0
DA:2669,0
DA:2671,0
DA:2675,0
DA:2676,0
DA:2678,0
DA:2679,0
DA:2680,0
DA:2681,0
DA:2682,0
DA:2684,0
DA:2688,0
DA:2689,0
DA:2690,0
DA:2691,0
DA:2692,0
DA:2693,0
DA:2694,0
DA:2695,0
DA:2696,0
DA:2697,0
DA:2698,0
DA:2699,0
DA:2700,0
DA:2701,0
DA:2702,0
DA:2703,0
DA:2704,0
DA:2705,0
DA:2706,0
DA:2707,0
DA:2709,0
DA:2710,0
DA:2711,0
DA:2712,0
DA:2713,0
DA:2715,0
DA:2719,0
DA:2720,0
DA:2722,0
DA:2724,0
DA:2725,0
DA:2726,0
DA:2727,0
DA:2730,0
DA:2734,0
DA:2735,0
DA:2736,0
DA:2737,0
DA:2738,0
DA:2739,0
DA:2740,0
DA:2741,0
DA:2742,0
DA:2743,0
DA:2744,0
DA:2745,0
DA:2747,0
DA:2748,0
DA:2749,0
DA:2750,0
DA:2751,0
DA:2752,0
DA:2753,0
DA:2754,0
DA:2755,0
DA:2756,0
DA:2757,0
DA:2758,0
DA:2759,0
DA:2760,0
DA:2762,0
DA:2763,0
DA:2764,0
DA:2765,0
DA:2766,0
DA:2768,0
DA:2772,0
DA:2773,0
DA:2775,0
DA:2776,0
DA:2777,0
DA:2778,0
DA:2779,0
DA:2781,0
DA:2785,0
DA:2786,0
DA:2787,0
DA:2788,0
DA:2789,0
DA:2790,0
DA:2791,0
DA:2792,0
DA:2793,0
DA:2794,0
DA:2795,0
DA:2796,0
DA:2797,0
DA:2798,0
DA:2799,0
DA:2800,0
DA:2801,0
DA:2802,0
DA:2803,0
DA:2804,0
DA:2805,0
DA:2806,0
DA:2807,0
DA:2808,0
DA:2809,0
DA:2810,0
DA:2812,0
DA:2813,0
DA:2814,0
DA:2815,0
DA:2816,0
DA:2818,0
DA:2822,0
DA:2823,0
DA:2825,0
DA:2827,0
DA:2828,0
DA:2829,0
DA:2830,0
DA:2833,0
DA:2837,0
DA:2838,0
DA:2839,0
DA:2840,0
DA:2841,0
DA:2842,0
DA:2843,0
DA:2844,0
DA:2845,0
DA:2846,0
DA:2847,0
DA:2848,0
DA:2849,0
DA:2850,0
DA:2851,0
DA:2852,0
DA:2853,0
DA:2854,0
DA:2855,0
DA:2856,0
DA:2858,0
DA:2859,0
DA:2860,0
DA:2861,0
DA:2862,0
DA:2864,0
DA:2868,0
DA:2869,0
DA:2871,0
DA:2873,0
DA:2874,0
DA:2875,0
DA:2876,0
DA:2879,0
DA:2883,0
DA:2884,0
DA:2885,0
DA:2886,0
DA:2887,0
DA:2888,0
DA:2889,0
DA:2890,0
DA:2891,0
DA:2892,0
DA:2893,0
DA:2894,0
DA:2895,0
DA:2896,0
DA:2897,0
DA:2898,0
DA:2899,0
DA:2900,0
DA:2901,0
DA:2902,0
DA:2904,0
DA:2905,0
DA:2906,0
DA:2907,0
DA:2908,0
DA:2910,0
DA:2914,0
DA:2915,0
DA:2917,0
DA:2919,0
DA:2920,0
DA:2921,0
DA:2922,0
DA:2925,0
DA:2929,0
DA:2930,0
DA:2931,0
DA:2932,0
DA:2933,0
DA:2934,0
DA:2935,0
DA:2936,0
DA:2937,0
DA:2938,0
DA:2939,0
DA:2940,0
DA:2941,0
DA:2942,0
DA:2943,0
DA:2944,0
DA:2945,0
DA:2946,0
DA:2947,0
DA:2948,0
DA:2950,0
DA:2951,0
DA:2952,0
DA:2953,0
DA:2954,0
DA:2956,0
DA:2960,0
DA:2961,0
DA:2963,0
DA:2964,0
DA:2965,0
DA:2966,0
DA:2967,0
DA:2969,0
DA:2973,0
DA:2974,0
DA:2975,0
DA:2976,0
DA:2977,0
DA:2978,0
DA:2979,0
DA:2980,0
DA:2981,0
DA:2982,0
DA:2983,0
DA:2984,0
DA:2985,0
DA:2986,0
DA:2987,0
DA:2988,0
DA:2989,0
DA:2990,0
DA:2991,0
DA:2992,0
DA:2993,0
DA:2994,0
DA:2995,0
DA:2996,0
DA:2997,0
DA:2998,0
DA:2999,0
DA:3000,0
DA:3001,0
DA:3002,0
DA:3003,0
DA:3004,0
DA:3005,0
DA:3006,0
DA:3007,0
DA:3008,0
DA:3009,0
DA:3010,0
DA:3011,0
DA:3012,0
DA:3013,0
DA:3014,0
DA:3015,0
DA:3016,0
DA:3017,0
DA:3018,0
DA:3019,0
DA:3020,0
DA:3021,0
DA:3022,0
DA:3023,0
DA:3024,0
DA:3025,0
DA:3026,0
DA:3033,0
DA:3036,0
DA:3037,0
DA:3041,0
DA:3042,0
DA:3043,0
DA:3044,0
DA:3047,0
DA:3050,0
DA:3051,0
DA:3052,0
DA:3053,0
DA:3054,0
DA:3061,0
DA:3064,0
DA:3065,0
DA:3071,0
DA:3072,0
DA:3073,0
DA:3074,0
DA:3075,0
DA:3078,0
DA:3081,0
DA:3083,0
DA:3084,0
DA:3085,0
DA:3086,0
DA:3087,0
DA:3088,0
DA:3095,0
DA:3098,0
DA:3099,0
DA:3109,0
DA:3110,0
DA:3111,0
DA:3112,0
DA:3113,0
DA:3114,0
DA:3115,0
DA:3118,0
DA:3121,0
DA:3122,0
DA:3123,0
DA:3124,0
DA:3125,0
DA:3126,0
DA:3127,0
DA:3128,0
DA:3129,0
DA:3130,0
DA:3131,0
DA:3132,0
DA:3133,0
DA:3134,0
DA:3141,0
DA:3144,0
DA:3145,0
DA:3150,0
DA:3151,0
DA:3152,0
DA:3153,0
DA:3156,0
DA:3159,0
DA:3160,0
DA:3161,0
DA:3162,0
DA:3163,0
DA:3170,0
DA:3173,0
DA:3175,0
DA:3179,0
DA:3180,0
DA:3181,0
DA:3182,0
DA:3183,0
DA:3186,0
DA:3189,0
DA:3190,0
DA:3191,0
DA:3192,0
DA:3193,0
DA:3200,0
DA:3203,0
DA:3204,0
DA:3213,0
DA:3214,0
DA:3215,0
DA:3216,0
DA:3217,0
DA:3218,0
DA:3221,0
DA:3224,0
DA:3226,0
DA:3227,0
DA:3228,0
DA:3229,0
DA:3230,0
DA:3231,0
DA:3232,0
DA:3233,0
DA:3234,0
DA:3241,0
DA:3244,0
DA:3245,0
DA:3249,0
DA:3250,0
DA:3251,0
DA:3252,0
DA:3255,0
DA:3258,0
DA:3259,0
DA:3260,0
DA:3261,0
DA:3262,0
DA:3269,0
DA:3272,0
DA:3273,0
DA:3279,0
DA:3280,0
DA:3281,0
DA:3282,0
DA:3283,0
DA:3286,0
DA:3289,0
DA:3291,0
DA:3292,0
DA:3293,0
DA:3294,0
DA:3295,0
DA:3296,0
DA:3303,0
DA:3306,0
DA:3307,0
DA:3313,0
DA:3314,0
DA:3315,0
DA:3316,0
DA:3317,0
DA:3320,0
DA:3323,0
DA:3324,0
DA:3325,0
DA:3326,0
DA:3327,0
DA:3328,0
DA:3329,0
DA:3330,0
DA:3337,0
DA:3345,0
DA:3346,0
DA:3358,0
DA:3359,0
DA:3360,0
DA:3361,0
DA:3362,0
DA:3363,0
DA:3364,0
DA:3365,0
DA:3374,0
DA:3377,0
DA:3379,0
DA:3380,0
DA:3381,0
DA:3382,0
DA:3383,0
DA:3384,0
DA:3385,0
DA:3386,0
DA:3387,0
DA:3388,0
DA:3389,0
DA:3390,0
DA:3392,0
DA:3393,0
DA:3394,0
DA:3401,0
DA:3405,0
DA:3407,0
DA:3415,0
DA:3416,0
DA:3417,0
DA:3418,0
DA:3419,0
DA:3420,0
DA:3421,0
DA:3424,0
DA:3427,0
DA:3428,0
DA:3429,0
DA:3430,0
DA:3431,0
DA:3432,0
DA:3433,0
DA:3434,0
DA:3435,0
DA:3436,0
DA:3437,0
DA:3444,0
DA:3448,0
DA:3450,0
DA:3457,0
DA:3458,0
DA:3459,0
DA:3460,0
DA:3461,0
DA:3462,0
DA:3465,0
DA:3468,0
DA:3469,0
DA:3470,0
DA:3471,0
DA:3472,0
DA:3473,0
DA:3474,0
DA:3475,0
DA:3482,0
DA:3485,0
DA:3487,0
DA:3491,0
DA:3492,0
DA:3493,0
DA:3494,0
DA:3495,0
DA:3496,0
DA:3499,0
DA:3502,0
DA:3503,0
DA:3504,0
DA:3505,0
DA:3507,0
DA:3508,0
DA:3509,0
DA:3510,0
DA:3511,0
DA:3513,0
DA:3523,0
DA:3526,0
DA:3528,0
DA:3534,0
DA:3535,0
DA:3536,0
DA:3537,0
DA:3538,0
DA:3539,0
DA:3540,0
DA:3541,0
DA:3545,0
DA:3548,0
DA:3549,0
DA:3550,0
DA:3551,0
DA:3553,0
DA:3554,0
DA:3555,0
DA:3556,0
DA:3557,0
DA:3559,0
DA:3563,0
DA:3564,0
DA:3566,0
DA:3567,0
DA:3568,0
DA:3569,0
DA:3570,0
DA:3572,0
DA:3582,0
DA:3585,0
DA:3587,0
DA:3593,0
DA:3594,0
DA:3595,0
DA:3596,0
DA:3597,0
DA:3598,0
DA:3601,0
DA:3604,0
DA:3605,0
DA:3606,0
DA:3607,0
DA:3608,0
DA:3609,0
DA:3610,0
DA:3611,0
DA:3618,0
DA:3665,0
DA:3666,0
DA:3757,0
DA:3758,0
DA:3759,0
DA:3760,0
DA:3761,0
DA:3762,0
DA:3763,0
DA:3764,0
DA:3765,0
DA:3766,0
DA:3767,0
DA:3768,0
DA:3769,0
DA:3770,0
DA:3771,0
DA:3772,0
DA:3773,0
DA:3774,0
DA:3775,0
DA:3776,0
DA:3777,0
DA:3778,0
DA:3779,0
DA:3780,0
DA:3781,0
DA:3782,0
DA:3783,0
DA:3784,0
DA:3785,0
DA:3786,0
DA:3787,0
DA:3788,0
DA:3789,0
DA:3790,0
DA:3791,0
DA:3792,0
DA:3793,0
DA:3794,0
DA:3795,0
DA:3796,0
DA:3797,0
DA:3798,0
DA:3799,0
DA:3800,0
DA:3801,0
DA:3802,0
DA:3803,0
DA:3805,0
DA:3806,0
DA:3807,0
DA:3812,0
DA:3815,0
DA:3824,0
DA:3827,0
DA:3836,0
DA:3839,0
DA:3846,0
DA:3847,0
DA:3863,0
DA:3866,0
DA:3867,0
DA:3868,0
DA:3869,0
DA:3870,0
DA:3871,0
DA:3872,0
DA:3874,0
DA:3875,0
DA:3876,0
DA:3877,0
DA:3878,0
DA:3880,0
DA:3884,0
DA:3885,0
DA:3887,0
DA:3888,0
DA:3889,0
DA:3890,0
DA:3891,0
DA:3893,0
DA:3897,0
DA:3898,0
DA:3900,0
DA:3901,0
DA:3902,0
DA:3903,0
DA:3904,0
DA:3906,0
DA:3910,0
DA:3911,0
DA:3912,0
DA:3913,0
DA:3914,0
DA:3915,0
DA:3916,0
DA:3917,0
DA:3919,0
DA:3920,0
DA:3921,0
DA:3922,0
DA:3923,0
DA:3925,0
DA:3929,0
DA:3930,0
DA:3932,0
DA:3934,0
DA:3935,0
DA:3936,0
DA:3937,0
DA:3940,0
DA:3944,0
DA:3945,0
DA:3946,0
DA:3947,0
DA:3948,0
DA:3949,0
DA:3950,0
DA:3951,0
DA:3952,0
DA:3953,0
DA:3954,0
DA:3955,0
DA:3956,0
DA:3957,0
DA:3958,0
DA:3959,0
DA:3960,0
DA:3961,0
DA:3962,0
DA:3963,0
DA:3965,0
DA:3966,0
DA:3967,0
DA:3968,0
DA:3969,0
DA:3971,0
DA:3975,0
DA:3976,0
DA:3978,0
DA:3980,0
DA:3981,0
DA:3982,0
DA:3983,0
DA:3986,0
DA:3990,0
DA:3991,0
DA:3992,0
DA:3993,0
DA:3994,0
DA:3995,0
DA:3996,0
DA:3997,0
DA:3998,0
DA:3999,0
DA:4000,0
DA:4001,0
DA:4002,0
DA:4003,0
DA:4004,0
DA:4005,0
DA:4006,0
DA:4007,0
DA:4008,0
DA:4009,0
DA:4011,0
DA:4012,0
DA:4013,0
DA:4014,0
DA:4015,0
DA:4017,0
DA:4021,0
DA:4022,0
DA:4024,0
DA:4026,0
DA:4027,0
DA:4028,0
DA:4029,0
DA:4032,0
DA:4036,0
DA:4037,0
DA:4038,0
DA:4039,0
DA:4040,0
DA:4041,0
DA:4042,0
DA:4043,0
DA:4044,0
DA:4045,0
DA:4046,0
DA:4047,0
DA:4048,0
DA:4049,0
DA:4050,0
DA:4051,0
DA:4052,0
DA:4053,0
DA:4054,0
DA:4055,0
DA:4057,0
DA:4058,0
DA:4059,0
DA:4060,0
DA:4061,0
DA:4063,0
DA:4067,0
DA:4068,0
DA:4070,0
DA:4071,0
DA:4072,0
DA:4073,0
DA:4074,0
DA:4076,0
DA:4080,0
DA:4081,0
DA:4082,0
DA:4083,0
DA:4084,0
DA:4085,0
DA:4086,0
DA:4087,0
DA:4088,0
DA:4089,0
DA:4090,0
DA:4091,0
DA:4092,0
DA:4093,0
DA:4094,0
DA:4095,0
DA:4096,0
DA:4097,0
DA:4098,0
DA:4099,0
DA:4100,0
DA:4101,0
DA:4102,0
DA:4103,0
DA:4104,0
DA:4105,0
DA:4106,0
DA:4107,0
DA:4108,0
DA:4109,0
DA:4110,0
DA:4111,0
DA:4112,0
DA:4113,0
DA:4114,0
DA:4115,0
DA:4122,0
DA:4126,0
DA:4127,0
DA:4135,0
DA:4136,0
DA:4137,0
DA:4138,0
DA:4139,0
DA:4140,0
DA:4141,0
DA:4144,0
DA:4147,0
DA:4149,0
DA:4150,0
DA:4151,0
DA:4152,0
DA:4153,0
DA:4154,0
DA:4156,0
DA:4157,0
DA:4158,0
DA:4165,0
DA:4168,0
DA:4170,0
DA:4174,0
DA:4175,0
DA:4176,0
DA:4177,0
DA:4178,0
DA:4181,0
DA:4184,0
DA:4185,0
DA:4186,0
DA:4187,0
DA:4188,0
DA:4195,0
DA:4199,0
DA:4201,0
DA:4208,0
DA:4209,0
DA:4210,0
DA:4211,0
DA:4212,0
DA:4213,0
DA:4216,0
DA:4219,0
DA:4220,0
DA:4221,0
DA:4222,0
DA:4223,0
DA:4224,0
DA:4225,0
DA:4226,0
DA:4233,0
DA:4237,0
DA:4239,0
DA:4250,0
DA:4251,0
DA:4252,0
DA:4253,0
DA:4254,0
DA:4255,0
DA:4256,0
DA:4257,0
DA:4258,0
DA:4259,0
DA:4260,0
DA:4261,0
DA:4265,0
DA:4268,0
DA:4269,0
DA:4270,0
DA:4271,0
DA:4273,0
DA:4274,0
DA:4275,0
DA:4276,0
DA:4277,0
DA:4279,0
DA:4283,0
DA:4284,0
DA:4286,0
DA:4287,0
DA:4288,0
DA:4289,0
DA:4290,0
DA:4292,0
DA:4296,0
DA:4297,0
DA:4299,0
DA:4300,0
DA:4301,0
DA:4302,0
DA:4303,0
DA:4305,0
DA:4309,0
DA:4310,0
DA:4312,0
DA:4313,0
DA:4314,0
DA:4315,0
DA:4316,0
DA:4318,0
DA:4328,0
DA:4338,0
DA:4340,0
DA:4357,0
DA:4358,0
DA:4359,0
DA:4360,0
DA:4361,0
DA:4362,0
DA:4363,0
DA:4364,0
DA:4365,0
DA:4366,0
DA:4367,0
DA:4368,0
DA:4369,0
DA:4370,0
DA:4371,0
DA:4372,0
DA:4373,0
DA:4374,0
DA:4378,0
DA:4381,0
DA:4382,0
DA:4383,0
DA:4384,0
DA:4386,0
DA:4387,0
DA:4388,0
DA:4389,0
DA:4390,0
DA:4392,0
DA:4396,0
DA:4397,0
DA:4399,0
DA:4400,0
DA:4401,0
DA:4402,0
DA:4403,0
DA:4405,0
DA:4409,0
DA:4410,0
DA:4412,0
DA:4413,0
DA:4414,0
DA:4415,0
DA:4416,0
DA:4418,0
DA:4422,0
DA:4423,0
DA:4425,0
DA:4426,0
DA:4427,0
DA:4428,0
DA:4429,0
DA:4431,0
DA:4435,0
DA:4436,0
DA:4438,0
DA:4439,0
DA:4440,0
DA:4441,0
DA:4442,0
DA:4444,0
DA:4448,0
DA:4449,0
DA:4451,0
DA:4452,0
DA:4453,0
DA:4454,0
DA:4455,0
DA:4457,0
DA:4461,0
DA:4462,0
DA:4464,0
DA:4465,0
DA:4466,0
DA:4467,0
DA:4468,0
DA:4470,0
DA:4480,0
DA:4483,0
DA:4484,0
DA:4490,0
DA:4491,0
DA:4492,0
DA:4493,0
DA:4494,0
DA:4497,0
DA:4500,0
DA:4501,0
DA:4502,0
DA:4503,0
DA:4504,0
DA:4505,0
DA:4506,0
DA:4507,0
DA:4514,0
DA:4517,0
DA:4519,0
DA:4523,0
DA:4524,0
DA:4525,0
DA:4526,0
DA:4527,0
DA:4530,0
DA:4533,0
DA:4534,0
DA:4535,0
DA:4536,0
DA:4537,0
DA:4544,0
DA:4548,0
DA:4550,0
DA:4557,0
DA:4558,0
DA:4559,0
DA:4560,0
DA:4561,0
DA:4562,0
DA:4565,0
DA:4568,0
DA:4569,0
DA:4570,0
DA:4571,0
DA:4572,0
DA:4573,0
DA:4574,0
DA:4575,0
DA:4582,0
DA:4585,0
DA:4587,0
DA:4591,0
DA:4592,0
DA:4593,0
DA:4594,0
DA:4595,0
DA:4596,0
DA:4599,0
DA:4602,0
DA:4603,0
DA:4604,0
DA:4605,0
DA:4607,0
DA:4608,0
DA:4609,0
DA:4610,0
DA:4611,0
DA:4613,0
DA:4623,0
DA:4627,0
DA:4629,0
DA:4635,0
DA:4636,0
DA:4637,0
DA:4638,0
DA:4639,0
DA:4640,0
DA:4643,0
DA:4646,0
DA:4647,0
DA:4648,0
DA:4649,0
DA:4650,0
DA:4651,0
DA:4652,0
DA:4653,0
DA:4660,0
DA:4669,0
DA:4671,0
DA:4685,0
DA:4686,0
DA:4687,0
DA:4688,0
DA:4689,0
DA:4690,0
DA:4691,0
DA:4692,0
DA:4693,0
DA:4694,0
DA:4695,0
DA:4698,0
DA:4701,0
DA:4702,0
DA:4703,0
DA:4704,0
DA:4705,0
DA:4706,0
DA:4707,0
DA:4708,0
DA:4709,0
DA:4710,0
DA:4711,0
DA:4712,0
DA:4713,0
DA:4714,0
DA:4715,0
DA:4716,0
DA:4717,0
DA:4718,0
DA:4719,0
DA:4720,0
DA:4727,0
DA:4731,0
DA:4733,0
DA:4739,0
DA:4740,0
DA:4741,0
DA:4742,0
DA:4743,0
DA:4744,0
DA:4747,0
DA:4750,0
DA:4751,0
DA:4752,0
DA:4753,0
DA:4754,0
DA:4755,0
DA:4756,0
DA:4757,0
DA:4764,0
DA:4767,0
DA:4768,0
DA:4774,0
DA:4775,0
DA:4776,0
DA:4777,0
DA:4778,0
DA:4781,0
DA:4784,0
DA:4786,0
DA:4787,0
DA:4788,0
DA:4789,0
DA:4790,0
DA:4791,0
DA:4798,0
DA:4802,0
DA:4804,0
DA:4813,0
DA:4814,0
DA:4815,0
DA:4816,0
DA:4817,0
DA:4818,0
DA:4819,0
DA:4822,0
DA:4825,0
DA:4826,0
DA:4827,0
DA:4828,0
DA:4829,0
DA:4830,0
DA:4831,0
DA:4832,0
DA:4833,0
DA:4834,0
DA:4835,0
DA:4842,0
DA:4846,0
DA:4848,0
DA:4854,0
DA:4855,0
DA:4856,0
DA:4857,0
DA:4858,0
DA:4859,0
DA:4862,0
DA:4865,0
DA:4866,0
DA:4867,0
DA:4868,0
DA:4869,0
DA:4870,0
DA:4871,0
DA:4872,0
DA:4879,0
DA:4936,0
DA:4937,0
DA:5048,0
DA:5049,0
DA:5050,0
DA:5051,0
DA:5052,0
DA:5053,0
DA:5054,0
DA:5055,0
DA:5056,0
DA:5057,0
DA:5058,0
DA:5059,0
DA:5060,0
DA:5061,0
DA:5062,0
DA:5063,0
DA:5064,0
DA:5065,0
DA:5066,0
DA:5067,0
DA:5068,0
DA:5069,0
DA:5070,0
DA:5071,0
DA:5072,0
DA:5073,0
DA:5074,0
DA:5075,0
DA:5076,0
DA:5077,0
DA:5078,0
DA:5079,0
DA:5080,0
DA:5081,0
DA:5082,0
DA:5083,0
DA:5084,0
DA:5085,0
DA:5086,0
DA:5087,0
DA:5088,0
DA:5089,0
DA:5090,0
DA:5091,0
DA:5092,0
DA:5093,0
DA:5094,0
DA:5095,0
DA:5096,0
DA:5097,0
DA:5098,0
DA:5099,0
DA:5100,0
DA:5101,0
DA:5102,0
DA:5103,0
DA:5104,0
DA:5106,0
DA:5107,0
DA:5108,0
DA:5113,0
DA:5116,0
DA:5125,0
DA:5128,0
DA:5137,0
DA:5140,0
DA:5147,0
DA:5148,0
DA:5157,0
DA:5160,0
DA:5176,0
DA:5179,0
DA:5181,0
DA:5182,0
DA:5183,0
DA:5184,0
DA:5185,0
DA:5187,0
DA:5188,0
DA:5189,0
DA:5190,0
DA:5191,0
DA:5193,0
DA:5197,0
DA:5198,0
DA:5200,0
DA:5201,0
DA:5202,0
DA:5203,0
DA:5204,0
DA:5206,0
DA:5210,0
DA:5211,0
DA:5213,0
DA:5214,0
DA:5215,0
DA:5216,0
DA:5217,0
DA:5219,0
DA:5223,0
DA:5224,0
DA:5225,0
DA:5226,0
DA:5227,0
DA:5228,0
DA:5229,0
DA:5230,0
DA:5232,0
DA:5233,0
DA:5234,0
DA:5235,0
DA:5236,0
DA:5238,0
DA:5242,0
DA:5243,0
DA:5245,0
DA:5247,0
DA:5248,0
DA:5249,0
DA:5250,0
DA:5253,0
DA:5257,0
DA:5258,0
DA:5259,0
DA:5260,0
DA:5261,0
DA:5262,0
DA:5263,0
DA:5264,0
DA:5265,0
DA:5266,0
DA:5267,0
DA:5268,0
DA:5269,0
DA:5270,0
DA:5271,0
DA:5272,0
DA:5273,0
DA:5274,0
DA:5275,0
DA:5276,0
DA:5278,0
DA:5279,0
DA:5280,0
DA:5281,0
DA:5282,0
DA:5284,0
DA:5288,0
DA:5289,0
DA:5291,0
DA:5293,0
DA:5294,0
DA:5295,0
DA:5296,0
DA:5299,0
DA:5303,0
DA:5304,0
DA:5305,0
DA:5306,0
DA:5307,0
DA:5308,0
DA:5309,0
DA:5310,0
DA:5311,0
DA:5312,0
DA:5313,0
DA:5314,0
DA:5315,0
DA:5316,0
DA:5317,0
DA:5318,0
DA:5319,0
DA:5320,0
DA:5321,0
DA:5322,0
DA:5324,0
DA:5325,0
DA:5326,0
DA:5327,0
DA:5328,0
DA:5330,0
DA:5334,0
DA:5335,0
DA:5337,0
DA:5339,0
DA:5340,0
DA:5341,0
DA:5342,0
DA:5345,0
DA:5349,0
DA:5350,0
DA:5351,0
DA:5352,0
DA:5353,0
DA:5354,0
DA:5355,0
DA:5356,0
DA:5357,0
DA:5358,0
DA:5359,0
DA:5360,0
DA:5361,0
DA:5362,0
DA:5363,0
DA:5364,0
DA:5365,0
DA:5366,0
DA:5367,0
DA:5368,0
DA:5370,0
DA:5371,0
DA:5372,0
DA:5373,0
DA:5374,0
DA:5376,0
DA:5380,0
DA:5381,0
DA:5383,0
DA:5384,0
DA:5385,0
DA:5386,0
DA:5387,0
DA:5389,0
DA:5393,0
DA:5394,0
DA:5395,0
DA:5396,0
DA:5397,0
DA:5398,0
DA:5399,0
DA:5400,0
DA:5401,0
DA:5402,0
DA:5403,0
DA:5404,0
DA:5405,0
DA:5406,0
DA:5407,0
DA:5408,0
DA:5409,0
DA:5410,0
DA:5411,0
DA:5412,0
DA:5413,0
DA:5414,0
DA:5415,0
DA:5416,0
DA:5417,0
DA:5418,0
DA:5420,0
DA:5421,0
DA:5422,0
DA:5423,0
DA:5424,0
DA:5426,0
DA:5430,0
DA:5431,0
DA:5433,0
DA:5434,0
DA:5435,0
DA:5436,0
DA:5437,0
DA:5439,0
DA:5443,0
DA:5444,0
DA:5445,0
DA:5446,0
DA:5447,0
DA:5448,0
DA:5449,0
DA:5450,0
DA:5451,0
DA:5452,0
DA:5453,0
DA:5454,0
DA:5455,0
DA:5456,0
DA:5457,0
DA:5458,0
DA:5459,0
DA:5460,0
DA:5461,0
DA:5462,0
DA:5463,0
DA:5464,0
DA:5465,0
DA:5466,0
DA:5467,0
DA:5468,0
DA:5469,0
DA:5470,0
DA:5471,0
DA:5472,0
DA:5473,0
DA:5474,0
DA:5475,0
DA:5476,0
DA:5477,0
DA:5478,0
DA:5485,0
DA:5488,0
DA:5489,0
DA:5493,0
DA:5494,0
DA:5495,0
DA:5496,0
DA:5499,0
DA:5502,0
DA:5503,0
DA:5504,0
DA:5505,0
DA:5506,0
DA:5513,0
DA:5516,0
DA:5517,0
DA:5525,0
DA:5526,0
DA:5527,0
DA:5528,0
DA:5529,0
DA:5532,0
DA:5535,0
DA:5536,0
DA:5537,0
DA:5538,0
DA:5539,0
DA:5540,0
DA:5541,0
DA:5542,0
DA:5543,0
DA:5544,0
DA:5545,0
DA:5546,0
DA:5555,0
DA:5559,0
DA:5560,0
DA:5570,0
DA:5571,0
DA:5572,0
DA:5573,0
DA:5574,0
DA:5575,0
DA:5576,0
DA:5579,0
DA:5582,0
DA:5584,0
DA:5585,0
DA:5586,0
DA:5587,0
DA:5588,0
DA:5589,0
DA:5590,0
DA:5591,0
DA:5592,0
DA:5593,0
DA:5594,0
DA:5595,0
DA:5602,0
DA:5605,0
DA:5607,0
DA:5613,0
DA:5614,0
DA:5615,0
DA:5616,0
DA:5617,0
DA:5618,0
DA:5621,0
DA:5624,0
DA:5625,0
DA:5626,0
DA:5627,0
DA:5628,0
DA:5629,0
DA:5630,0
DA:5631,0
DA:5638,0
DA:5641,0
DA:5643,0
DA:5647,0
DA:5648,0
DA:5649,0
DA:5650,0
DA:5651,0
DA:5652,0
DA:5655,0
DA:5658,0
DA:5659,0
DA:5660,0
DA:5661,0
DA:5663,0
DA:5664,0
DA:5665,0
DA:5666,0
DA:5667,0
DA:5669,0
DA:5679,0
DA:5682,0
DA:5684,0
DA:5688,0
DA:5689,0
DA:5690,0
DA:5691,0
DA:5692,0
DA:5695,0
DA:5698,0
DA:5699,0
DA:5700,0
DA:5701,0
DA:5702,0
DA:5709,0
DA:5778,0
DA:5780,0
DA:5919,0
DA:5920,0
DA:5921,0
DA:5922,0
DA:5923,0
DA:5924,0
DA:5925,0
DA:5926,0
DA:5927,0
DA:5928,0
DA:5929,0
DA:5930,0
DA:5931,0
DA:5932,0
DA:5933,0
DA:5934,0
DA:5935,0
DA:5936,0
DA:5937,0
DA:5938,0
DA:5939,0
DA:5940,0
DA:5941,0
DA:5942,0
DA:5943,0
DA:5944,0
DA:5945,0
DA:5946,0
DA:5947,0
DA:5948,0
DA:5949,0
DA:5950,0
DA:5951,0
DA:5952,0
DA:5953,0
DA:5954,0
DA:5955,0
DA:5956,0
DA:5957,0
DA:5958,0
DA:5959,0
DA:5960,0
DA:5961,0
DA:5962,0
DA:5963,0
DA:5964,0
DA:5965,0
DA:5966,0
DA:5967,0
DA:5968,0
DA:5969,0
DA:5970,0
DA:5971,0
DA:5972,0
DA:5973,0
DA:5974,0
DA:5975,0
DA:5976,0
DA:5977,0
DA:5978,0
DA:5979,0
DA:5980,0
DA:5981,0
DA:5982,0
DA:5983,0
DA:5984,0
DA:5985,0
DA:5986,0
DA:5987,0
DA:5988,0
DA:5990,0
DA:5991,0
DA:5992,0
DA:5997,0
DA:6000,0
DA:6011,0
DA:6014,0
DA:6025,0
DA:6028,0
DA:6037,0
DA:6040,0
DA:6049,0
DA:6052,0
DA:6059,0
DA:6060,0
DA:6073,0
DA:6076,0
DA:6080,0
DA:6083,0
DA:6084,0
DA:6085,0
DA:6086,0
DA:6087,0
DA:6088,0
DA:6089,0
DA:6091,0
DA:6092,0
DA:6093,0
DA:6094,0
DA:6095,0
DA:6097,0
DA:6101,0
DA:6102,0
DA:6104,0
DA:6105,0
DA:6106,0
DA:6107,0
DA:6108,0
DA:6110,0
DA:6114,0
DA:6115,0
DA:6117,0
DA:6118,0
DA:6119,0
DA:6120,0
DA:6121,0
DA:6123,0
DA:6127,0
DA:6128,0
DA:6129,0
DA:6130,0
DA:6131,0
DA:6132,0
DA:6133,0
DA:6134,0
DA:6136,0
DA:6138,0
DA:6139,0
DA:6140,0
DA:6141,0
DA:6144,0
DA:6148,0
DA:6149,0
DA:6151,0
DA:6153,0
DA:6154,0
DA:6155,0
DA:6156,0
DA:6159,0
DA:6163,0
DA:6164,0
DA:6165,0
DA:6166,0
DA:6167,0
DA:6168,0
DA:6170,0
DA:6171,0
DA:6172,0
DA:6174,0
DA:6176,0
DA:6177,0
DA:6179,0
DA:6180,0
DA:6181,0
DA:6182,0
DA:6183,0
DA:6184,0
DA:6186,0
DA:6187,0
DA:6188,0
DA:6189,0
DA:6190,0
DA:6191,0
DA:6192,0
DA:6193,0
DA:6195,0
DA:6196,0
DA:6197,0
DA:6198,0
DA:6199,0
DA:6201,0
DA:6205,0
DA:6206,0
DA:6208,0
DA:6210,0
DA:6211,0
DA:6212,0
DA:6213,0
DA:6216,0
DA:6220,0
DA:6221,0
DA:6222,0
DA:6223,0
DA:6224,0
DA:6225,0
DA:6227,0
DA:6228,0
DA:6229,0
DA:6231,0
DA:6233,0
DA:6234,0
DA:6236,0
DA:6237,0
DA:6238,0
DA:6239,0
DA:6240,0
DA:6241,0
DA:6243,0
DA:6244,0
DA:6245,0
DA:6246,0
DA:6247,0
DA:6248,0
DA:6249,0
DA:6250,0
DA:6252,0
DA:6253,0
DA:6254,0
DA:6255,0
DA:6256,0
DA:6258,0
DA:6262,0
DA:6263,0
DA:6265,0
DA:6267,0
DA:6268,0
DA:6269,0
DA:6270,0
DA:6273,0
DA:6277,0
DA:6278,0
DA:6279,0
DA:6280,0
DA:6281,0
DA:6282,0
DA:6283,0
DA:6284,0
DA:6285,0
DA:6286,0
DA:6287,0
DA:6288,0
DA:6289,0
DA:6290,0
DA:6291,0
DA:6292,0
DA:6293,0
DA:6294,0
DA:6295,0
DA:6296,0
DA:6298,0
DA:6299,0
DA:6300,0
DA:6301,0
DA:6302,0
DA:6304,0
DA:6308,0
DA:6309,0
DA:6311,0
DA:6313,0
DA:6314,0
DA:6315,0
DA:6316,0
DA:6319,0
DA:6323,0
DA:6324,0
DA:6325,0
DA:6326,0
DA:6327,0
DA:6328,0
DA:6329,0
DA:6330,0
DA:6331,0
DA:6332,0
DA:6333,0
DA:6334,0
DA:6335,0
DA:6336,0
DA:6337,0
DA:6338,0
DA:6339,0
DA:6340,0
DA:6341,0
DA:6342,0
DA:6344,0
DA:6345,0
DA:6346,0
DA:6347,0
DA:6348,0
DA:6350,0
DA:6354,0
DA:6355,0
DA:6357,0
DA:6359,0
DA:6360,0
DA:6361,0
DA:6362,0
DA:6365,0
DA:6369,0
DA:6370,0
DA:6371,0
DA:6372,0
DA:6373,0
DA:6374,0
DA:6375,0
DA:6376,0
DA:6377,0
DA:6378,0
DA:6379,0
DA:6380,0
DA:6381,0
DA:6382,0
DA:6383,0
DA:6384,0
DA:6385,0
DA:6386,0
DA:6387,0
DA:6388,0
DA:6390,0
DA:6391,0
DA:6392,0
DA:6393,0
DA:6394,0
DA:6396,0
DA:6400,0
DA:6401,0
DA:6403,0
DA:6404,0
DA:6405,0
DA:6406,0
DA:6407,0
DA:6409,0
DA:6413,0
DA:6414,0
DA:6415,0
DA:6416,0
DA:6417,0
DA:6418,0
DA:6419,0
DA:6420,0
DA:6421,0
DA:6422,0
DA:6423,0
DA:6424,0
DA:6425,0
DA:6426,0
DA:6427,0
DA:6428,0
DA:6429,0
DA:6430,0
DA:6431,0
DA:6432,0
DA:6433,0
DA:6434,0
DA:6435,0
DA:6436,0
DA:6437,0
DA:6438,0
DA:6439,0
DA:6440,0
DA:6441,0
DA:6442,0
DA:6443,0
DA:6444,0
DA:6445,0
DA:6446,0
DA:6447,0
DA:6448,0
DA:6449,0
DA:6450,0
DA:6452,0
DA:6453,0
DA:6454,0
DA:6455,0
DA:6456,0
DA:6458,0
DA:6462,0
DA:6463,0
DA:6465,0
DA:6466,0
DA:6467,0
DA:6468,0
DA:6469,0
DA:6471,0
DA:6481,0
DA:6485,0
DA:6487,0
DA:6496,0
DA:6497,0
DA:6498,0
DA:6499,0
DA:6500,0
DA:6501,0
DA:6502,0
DA:6503,0
DA:6504,0
DA:6505,0
DA:6509,0
DA:6512,0
DA:6513,0
DA:6514,0
DA:6515,0
DA:6517,0
DA:6518,0
DA:6519,0
DA:6520,0
DA:6521,0
DA:6523,0
DA:6527,0
DA:6528,0
DA:6530,0
DA:6531,0
DA:6532,0
DA:6533,0
DA:6534,0
DA:6536,0
DA:6540,0
DA:6541,0
DA:6543,0
DA:6544,0
DA:6545,0
DA:6546,0
DA:6547,0
DA:6549,0
DA:6559,0
DA:6562,0
DA:6564,0
DA:6570,0
DA:6571,0
DA:6572,0
DA:6573,0
DA:6574,0
DA:6575,0
DA:6578,0
DA:6581,0
DA:6582,0
DA:6583,0
DA:6584,0
DA:6585,0
DA:6586,0
DA:6587,0
DA:6588,0
DA:6595,0
DA:6664,0
DA:6666,0
DA:6805,0
DA:6806,0
DA:6807,0
DA:6808,0
DA:6809,0
DA:6810,0
DA:6811,0
DA:6812,0
DA:6813,0
DA:6814,0
DA:6815,0
DA:6816,0
DA:6817,0
DA:6818,0
DA:6819,0
DA:6820,0
DA:6821,0
DA:6822,0
DA:6823,0
DA:6824,0
DA:6825,0
DA:6826,0
DA:6827,0
DA:6828,0
DA:6829,0
DA:6830,0
DA:6831,0
DA:6832,0
DA:6833,0
DA:6834,0
DA:6835,0
DA:6836,0
DA:6837,0
DA:6838,0
DA:6839,0
DA:6840,0
DA:6841,0
DA:6842,0
DA:6843,0
DA:6844,0
DA:6845,0
DA:6846,0
DA:6847,0
DA:6848,0
DA:6849,0
DA:6850,0
DA:6851,0
DA:6852,0
DA:6853,0
DA:6854,0
DA:6855,0
DA:6856,0
DA:6857,0
DA:6858,0
DA:6859,0
DA:6860,0
DA:6861,0
DA:6862,0
DA:6863,0
DA:6864,0
DA:6865,0
DA:6866,0
DA:6867,0
DA:6868,0
DA:6869,0
DA:6870,0
DA:6871,0
DA:6872,0
DA:6873,0
DA:6874,0
DA:6876,0
DA:6877,0
DA:6878,0
DA:6883,0
DA:6886,0
DA:6897,0
DA:6900,0
DA:6911,0
DA:6914,0
DA:6923,0
DA:6926,0
DA:6935,0
DA:6938,0
DA:6945,0
DA:6946,0
DA:6959,0
DA:6962,0
DA:6966,0
DA:6969,0
DA:6970,0
DA:6971,0
DA:6972,0
DA:6973,0
DA:6974,0
DA:6975,0
DA:6977,0
DA:6978,0
DA:6979,0
DA:6980,0
DA:6981,0
DA:6983,0
DA:6987,0
DA:6988,0
DA:6990,0
DA:6991,0
DA:6992,0
DA:6993,0
DA:6994,0
DA:6996,0
DA:7000,0
DA:7001,0
DA:7003,0
DA:7004,0
DA:7005,0
DA:7006,0
DA:7007,0
DA:7009,0
DA:7013,0
DA:7014,0
DA:7015,0
DA:7016,0
DA:7017,0
DA:7018,0
DA:7019,0
DA:7020,0
DA:7022,0
DA:7024,0
DA:7025,0
DA:7026,0
DA:7027,0
DA:7030,0
DA:7034,0
DA:7035,0
DA:7037,0
DA:7039,0
DA:7040,0
DA:7041,0
DA:7042,0
DA:7045,0
DA:7049,0
DA:7050,0
DA:7051,0
DA:7052,0
DA:7053,0
DA:7054,0
DA:7056,0
DA:7057,0
DA:7058,0
DA:7060,0
DA:7062,0
DA:7063,0
DA:7065,0
DA:7066,0
DA:7067,0
DA:7068,0
DA:7069,0
DA:7070,0
DA:7072,0
DA:7073,0
DA:7074,0
DA:7075,0
DA:7076,0
DA:7077,0
DA:7078,0
DA:7079,0
DA:7081,0
DA:7082,0
DA:7083,0
DA:7084,0
DA:7085,0
DA:7087,0
DA:7091,0
DA:7092,0
DA:7094,0
DA:7096,0
DA:7097,0
DA:7098,0
DA:7099,0
DA:7102,0
DA:7106,0
DA:7107,0
DA:7108,0
DA:7109,0
DA:7110,0
DA:7111,0
DA:7113,0
DA:7114,0
DA:7115,0
DA:7117,0
DA:7119,0
DA:7120,0
DA:7122,0
DA:7123,0
DA:7124,0
DA:7125,0
DA:7126,0
DA:7127,0
DA:7129,0
DA:7130,0
DA:7131,0
DA:7132,0
DA:7133,0
DA:7134,0
DA:7135,0
DA:7136,0
DA:7138,0
DA:7139,0
DA:7140,0
DA:7141,0
DA:7142,0
DA:7144,0
DA:7148,0
DA:7149,0
DA:7151,0
DA:7153,0
DA:7154,0
DA:7155,0
DA:7156,0
DA:7159,0
DA:7163,0
DA:7164,0
DA:7165,0
DA:7166,0
DA:7167,0
DA:7168,0
DA:7169,0
DA:7170,0
DA:7171,0
DA:7172,0
DA:7173,0
DA:7174,0
DA:7175,0
DA:7176,0
DA:7177,0
DA:7178,0
DA:7179,0
DA:7180,0
DA:7181,0
DA:7182,0
DA:7184,0
DA:7185,0
DA:7186,0
DA:7187,0
DA:7188,0
DA:7190,0
DA:7194,0
DA:7195,0
DA:7197,0
DA:7199,0
DA:7200,0
DA:7201,0
DA:7202,0
DA:7205,0
DA:7209,0
DA:7210,0
DA:7211,0
DA:7212,0
DA:7213,0
DA:7214,0
DA:7215,0
DA:7216,0
DA:7217,0
DA:7218,0
DA:7219,0
DA:7220,0
DA:7221,0
DA:7222,0
DA:7223,0
DA:7224,0
DA:7225,0
DA:7226,0
DA:7227,0
DA:7228,0
DA:7230,0
DA:7231,0
DA:7232,0
DA:7233,0
DA:7234,0
DA:7236,0
DA:7240,0
DA:7241,0
DA:7243,0
DA:7245,0
DA:7246,0
DA:7247,0
DA:7248,0
DA:7251,0
DA:7255,0
DA:7256,0
DA:7257,0
DA:7258,0
DA:7259,0
DA:7260,0
DA:7261,0
DA:7262,0
DA:7263,0
DA:7264,0
DA:7265,0
DA:7266,0
DA:7267,0
DA:7268,0
DA:7269,0
DA:7270,0
DA:7271,0
DA:7272,0
DA:7273,0
DA:7274,0
DA:7276,0
DA:7277,0
DA:7278,0
DA:7279,0
DA:7280,0
DA:7282,0
DA:7286,0
DA:7287,0
DA:7289,0
DA:7290,0
DA:7291,0
DA:7292,0
DA:7293,0
DA:7295,0
DA:7299,0
DA:7300,0
DA:7301,0
DA:7302,0
DA:7303,0
DA:7304,0
DA:7305,0
DA:7306,0
DA:7307,0
DA:7308,0
DA:7309,0
DA:7310,0
DA:7311,0
DA:7312,0
DA:7313,0
DA:7314,0
DA:7315,0
DA:7316,0
DA:7317,0
DA:7318,0
DA:7319,0
DA:7320,0
DA:7321,0
DA:7322,0
DA:7323,0
DA:7324,0
DA:7325,0
DA:7326,0
DA:7327,0
DA:7328,0
DA:7329,0
DA:7330,0
DA:7331,0
DA:7332,0
DA:7333,0
DA:7334,0
DA:7335,0
DA:7336,0
DA:7338,0
DA:7339,0
DA:7340,0
DA:7341,0
DA:7342,0
DA:7344,0
DA:7348,0
DA:7349,0
DA:7351,0
DA:7352,0
DA:7353,0
DA:7354,0
DA:7355,0
DA:7357,0
DA:7367,0
DA:7370,0
DA:7372,0
DA:7376,0
DA:7377,0
DA:7378,0
DA:7379,0
DA:7380,0
DA:7383,0
DA:7386,0
DA:7387,0
DA:7388,0
DA:7389,0
DA:7390,0
DA:7397,0
DA:7400,0
DA:7402,0
DA:7408,0
DA:7409,0
DA:7410,0
DA:7411,0
DA:7412,0
DA:7413,0
DA:7416,0
DA:7419,0
DA:7420,0
DA:7421,0
DA:7422,0
DA:7423,0
DA:7424,0
DA:7425,0
DA:7426,0
DA:7433,0
DA:7443,0
DA:7445,0
DA:7461,0
DA:7462,0
DA:7463,0
DA:7464,0
DA:7465,0
DA:7466,0
DA:7467,0
DA:7468,0
DA:7469,0
DA:7470,0
DA:7471,0
DA:7482,0
DA:7485,0
DA:7486,0
DA:7487,0
DA:7488,0
DA:7489,0
DA:7490,0
DA:7491,0
DA:7492,0
DA:7493,0
DA:7494,0
DA:7495,0
DA:7496,0
DA:7497,0
DA:7498,0
DA:7499,0
DA:7500,0
DA:7501,0
DA:7502,0
DA:7503,0
DA:7504,0
DA:7505,0
DA:7506,0
DA:7507,0
DA:7514,0
DA:7517,0
DA:7519,0
DA:7525,0
DA:7526,0
DA:7527,0
DA:7528,0
DA:7529,0
DA:7530,0
DA:7531,0
DA:7532,0
DA:7536,0
DA:7539,0
DA:7540,0
DA:7541,0
DA:7542,0
DA:7544,0
DA:7545,0
DA:7546,0
DA:7547,0
DA:7548,0
DA:7550,0
DA:7554,0
DA:7555,0
DA:7557,0
DA:7558,0
DA:7559,0
DA:7560,0
DA:7561,0
DA:7563,0
DA:7573,0
DA:7576,0
DA:7578,0
DA:7584,0
DA:7585,0
DA:7586,0
DA:7587,0
DA:7588,0
DA:7589,0
DA:7592,0
DA:7595,0
DA:7596,0
DA:7597,0
DA:7598,0
DA:7599,0
DA:7600,0
DA:7601,0
DA:7602,0
DA:7609,0
DA:7702,0
DA:7704,0
DA:7891,0
DA:7892,0
DA:7893,0
DA:7894,0
DA:7895,0
DA:7896,0
DA:7897,0
DA:7898,0
DA:7899,0
DA:7900,0
DA:7901,0
DA:7902,0
DA:7903,0
DA:7904,0
DA:7905,0
DA:7906,0
DA:7907,0
DA:7908,0
DA:7909,0
DA:7910,0
DA:7911,0
DA:7912,0
DA:7913,0
DA:7914,0
DA:7915,0
DA:7916,0
DA:7917,0
DA:7918,0
DA:7919,0
DA:7920,0
DA:7921,0
DA:7922,0
DA:7923,0
DA:7924,0
DA:7925,0
DA:7926,0
DA:7927,0
DA:7928,0
DA:7929,0
DA:7930,0
DA:7931,0
DA:7932,0
DA:7933,0
DA:7934,0
DA:7935,0
DA:7936,0
DA:7937,0
DA:7938,0
DA:7939,0
DA:7940,0
DA:7941,0
DA:7942,0
DA:7943,0
DA:7944,0
DA:7945,0
DA:7946,0
DA:7947,0
DA:7948,0
DA:7949,0
DA:7950,0
DA:7951,0
DA:7952,0
DA:7953,0
DA:7954,0
DA:7955,0
DA:7956,0
DA:7957,0
DA:7958,0
DA:7959,0
DA:7960,0
DA:7961,0
DA:7962,0
DA:7963,0
DA:7964,0
DA:7965,0
DA:7966,0
DA:7967,0
DA:7968,0
DA:7969,0
DA:7970,0
DA:7971,0
DA:7972,0
DA:7973,0
DA:7974,0
DA:7975,0
DA:7976,0
DA:7977,0
DA:7978,0
DA:7979,0
DA:7980,0
DA:7981,0
DA:7982,0
DA:7983,0
DA:7984,0
DA:7986,0
DA:7987,0
DA:7988,0
DA:7993,0
DA:7996,0
DA:8009,0
DA:8012,0
DA:8023,0
DA:8026,0
DA:8035,0
DA:8038,0
DA:8049,0
DA:8052,0
DA:8061,0
DA:8064,0
DA:8073,0
DA:8076,0
DA:8083,0
DA:8084,0
DA:8099,0
DA:8102,0
DA:8106,0
DA:8109,0
DA:8110,0
DA:8111,0
DA:8112,0
DA:8113,0
DA:8114,0
DA:8115,0
DA:8117,0
DA:8118,0
DA:8119,0
DA:8120,0
DA:8121,0
DA:8123,0
DA:8127,0
DA:8128,0
DA:8130,0
DA:8131,0
DA:8132,0
DA:8133,0
DA:8134,0
DA:8136,0
DA:8140,0
DA:8141,0
DA:8143,0
DA:8144,0
DA:8145,0
DA:8146,0
DA:8147,0
DA:8149,0
DA:8153,0
DA:8154,0
DA:8155,0
DA:8156,0
DA:8157,0
DA:8158,0
DA:8159,0
DA:8160,0
DA:8162,0
DA:8163,0
DA:8164,0
DA:8165,0
DA:8166,0
DA:8168,0
DA:8172,0
DA:8173,0
DA:8175,0
DA:8177,0
DA:8178,0
DA:8179,0
DA:8180,0
DA:8183,0
DA:8187,0
DA:8188,0
DA:8189,0
DA:8190,0
DA:8191,0
DA:8192,0
DA:8193,0
DA:8194,0
DA:8195,0
DA:8196,0
DA:8197,0
DA:8198,0
DA:8199,0
DA:8200,0
DA:8201,0
DA:8202,0
DA:8203,0
DA:8204,0
DA:8205,0
DA:8206,0
DA:8207,0
DA:8208,0
DA:8209,0
DA:8210,0
DA:8211,0
DA:8212,0
DA:8213,0
DA:8214,0
DA:8215,0
DA:8216,0
DA:8217,0
DA:8218,0
DA:8220,0
DA:8222,0
DA:8223,0
DA:8224,0
DA:8225,0
DA:8228,0
DA:8232,0
DA:8233,0
DA:8235,0
DA:8237,0
DA:8238,0
DA:8239,0
DA:8240,0
DA:8243,0
DA:8247,0
DA:8248,0
DA:8249,0
DA:8250,0
DA:8251,0
DA:8252,0
DA:8254,0
DA:8255,0
DA:8256,0
DA:8258,0
DA:8260,0
DA:8261,0
DA:8263,0
DA:8264,0
DA:8265,0
DA:8266,0
DA:8267,0
DA:8268,0
DA:8270,0
DA:8271,0
DA:8272,0
DA:8273,0
DA:8274,0
DA:8275,0
DA:8276,0
DA:8277,0
DA:8279,0
DA:8280,0
DA:8281,0
DA:8282,0
DA:8283,0
DA:8285,0
DA:8289,0
DA:8290,0
DA:8292,0
DA:8294,0
DA:8295,0
DA:8296,0
DA:8297,0
DA:8300,0
DA:8304,0
DA:8305,0
DA:8306,0
DA:8307,0
DA:8308,0
DA:8309,0
DA:8311,0
DA:8312,0
DA:8313,0
DA:8315,0
DA:8317,0
DA:8318,0
DA:8320,0
DA:8321,0
DA:8322,0
DA:8323,0
DA:8324,0
DA:8325,0
DA:8327,0
DA:8328,0
DA:8329,0
DA:8330,0
DA:8331,0
DA:8332,0
DA:8333,0
DA:8334,0
DA:8336,0
DA:8337,0
DA:8338,0
DA:8339,0
DA:8340,0
DA:8342,0
DA:8346,0
DA:8347,0
DA:8349,0
DA:8350,0
DA:8351,0
DA:8352,0
DA:8353,0
DA:8355,0
DA:8359,0
DA:8360,0
DA:8361,0
DA:8362,0
DA:8363,0
DA:8364,0
DA:8365,0
DA:8366,0
DA:8367,0
DA:8368,0
DA:8369,0
DA:8370,0
DA:8371,0
DA:8372,0
DA:8373,0
DA:8374,0
DA:8375,0
DA:8376,0
DA:8377,0
DA:8378,0
DA:8379,0
DA:8380,0
DA:8381,0
DA:8382,0
DA:8383,0
DA:8384,0
DA:8386,0
DA:8387,0
DA:8388,0
DA:8389,0
DA:8390,0
DA:8392,0
DA:8396,0
DA:8397,0
DA:8399,0
DA:8401,0
DA:8402,0
DA:8403,0
DA:8404,0
DA:8407,0
DA:8411,0
DA:8412,0
DA:8413,0
DA:8414,0
DA:8415,0
DA:8416,0
DA:8417,0
DA:8418,0
DA:8419,0
DA:8420,0
DA:8421,0
DA:8422,0
DA:8423,0
DA:8424,0
DA:8425,0
DA:8426,0
DA:8427,0
DA:8428,0
DA:8429,0
DA:8430,0
DA:8432,0
DA:8433,0
DA:8434,0
DA:8435,0
DA:8436,0
DA:8438,0
DA:8442,0
DA:8443,0
DA:8445,0
DA:8447,0
DA:8448,0
DA:8449,0
DA:8450,0
DA:8453,0
DA:8457,0
DA:8458,0
DA:8459,0
DA:8460,0
DA:8461,0
DA:8462,0
DA:8463,0
DA:8464,0
DA:8465,0
DA:8466,0
DA:8467,0
DA:8468,0
DA:8469,0
DA:8470,0
DA:8471,0
DA:8472,0
DA:8473,0
DA:8474,0
DA:8475,0
DA:8476,0
DA:8478,0
DA:8479,0
DA:8480,0
DA:8481,0
DA:8482,0
DA:8484,0
DA:8488,0
DA:8489,0
DA:8491,0
DA:8493,0
DA:8494,0
DA:8495,0
DA:8496,0
DA:8499,0
DA:8503,0
DA:8504,0
DA:8505,0
DA:8506,0
DA:8507,0
DA:8508,0
DA:8509,0
DA:8510,0
DA:8511,0
DA:8512,0
DA:8513,0
DA:8514,0
DA:8515,0
DA:8516,0
DA:8517,0
DA:8518,0
DA:8519,0
DA:8520,0
DA:8521,0
DA:8522,0
DA:8524,0
DA:8525,0
DA:8526,0
DA:8527,0
DA:8528,0
DA:8530,0
DA:8534,0
DA:8535,0
DA:8537,0
DA:8538,0
DA:8539,0
DA:8540,0
DA:8541,0
DA:8543,0
DA:8547,0
DA:8548,0
DA:8549,0
DA:8550,0
DA:8551,0
DA:8552,0
DA:8553,0
DA:8554,0
DA:8555,0
DA:8556,0
DA:8557,0
DA:8558,0
DA:8559,0
DA:8560,0
DA:8561,0
DA:8562,0
DA:8563,0
DA:8564,0
DA:8565,0
DA:8566,0
DA:8567,0
DA:8568,0
DA:8569,0
DA:8570,0
DA:8571,0
DA:8572,0
DA:8573,0
DA:8574,0
DA:8575,0
DA:8576,0
DA:8577,0
DA:8578,0
DA:8579,0
DA:8580,0
DA:8581,0
DA:8582,0
DA:8583,0
DA:8584,0
DA:8585,0
DA:8586,0
DA:8587,0
DA:8588,0
DA:8589,0
DA:8590,0
DA:8592,0
DA:8593,0
DA:8594,0
DA:8595,0
DA:8596,0
DA:8598,0
DA:8602,0
DA:8603,0
DA:8605,0
DA:8606,0
DA:8607,0
DA:8608,0
DA:8609,0
DA:8611,0
DA:8621,0
DA:8629,0
DA:8631,0
DA:8643,0
DA:8644,0
DA:8645,0
DA:8646,0
DA:8647,0
DA:8648,0
DA:8649,0
DA:8650,0
DA:8651,0
DA:8652,0
DA:8655,0
DA:8658,0
DA:8659,0
DA:8660,0
DA:8661,0
DA:8662,0
DA:8663,0
DA:8664,0
DA:8665,0
DA:8666,0
DA:8667,0
DA:8668,0
DA:8669,0
DA:8670,0
DA:8671,0
DA:8672,0
DA:8673,0
DA:8674,0
DA:8681,0
DA:8691,0
DA:8693,0
DA:8710,0
DA:8711,0
DA:8712,0
DA:8713,0
DA:8714,0
DA:8715,0
DA:8716,0
DA:8717,0
DA:8718,0
DA:8719,0
DA:8720,0
DA:8721,0
DA:8722,0
DA:8723,0
DA:8724,0
DA:8725,0
DA:8726,0
DA:8727,0
DA:8731,0
DA:8734,0
DA:8735,0
DA:8736,0
DA:8737,0
DA:8739,0
DA:8740,0
DA:8741,0
DA:8742,0
DA:8743,0
DA:8745,0
DA:8749,0
DA:8750,0
DA:8752,0
DA:8753,0
DA:8754,0
DA:8755,0
DA:8756,0
DA:8758,0
DA:8762,0
DA:8763,0
DA:8765,0
DA:8766,0
DA:8767,0
DA:8768,0
DA:8769,0
DA:8771,0
DA:8775,0
DA:8776,0
DA:8778,0
DA:8779,0
DA:8780,0
DA:8781,0
DA:8782,0
DA:8784,0
DA:8788,0
DA:8789,0
DA:8791,0
DA:8792,0
DA:8793,0
DA:8794,0
DA:8795,0
DA:8797,0
DA:8801,0
DA:8802,0
DA:8804,0
DA:8805,0
DA:8806,0
DA:8807,0
DA:8808,0
DA:8810,0
DA:8814,0
DA:8815,0
DA:8817,0
DA:8818,0
DA:8819,0
DA:8820,0
DA:8821,0
DA:8823,0
DA:8833,0
DA:8841,0
DA:8843,0
DA:8855,0
DA:8856,0
DA:8857,0
DA:8858,0
DA:8859,0
DA:8860,0
DA:8861,0
DA:8862,0
DA:8863,0
DA:8864,0
DA:8867,0
DA:8870,0
DA:8871,0
DA:8872,0
DA:8873,0
DA:8874,0
DA:8875,0
DA:8876,0
DA:8877,0
DA:8878,0
DA:8879,0
DA:8880,0
DA:8881,0
DA:8882,0
DA:8883,0
DA:8884,0
DA:8885,0
DA:8886,0
DA:8893,0
DA:8897,0
DA:8899,0
DA:8905,0
DA:8906,0
DA:8907,0
DA:8908,0
DA:8909,0
DA:8910,0
DA:8913,0
DA:8916,0
DA:8917,0
DA:8918,0
DA:8919,0
DA:8920,0
DA:8921,0
DA:8922,0
DA:8923,0
DA:8930,0
DA:8939,0
DA:8941,0
DA:8955,0
DA:8956,0
DA:8957,0
DA:8958,0
DA:8959,0
DA:8960,0
DA:8961,0
DA:8962,0
DA:8963,0
DA:8964,0
DA:8965,0
DA:8968,0
DA:8971,0
DA:8972,0
DA:8973,0
DA:8974,0
DA:8975,0
DA:8976,0
DA:8977,0
DA:8978,0
DA:8979,0
DA:8980,0
DA:8981,0
DA:8982,0
DA:8983,0
DA:8984,0
DA:8985,0
DA:8986,0
DA:8987,0
DA:8988,0
DA:8989,0
DA:8990,0
DA:8997,0
DA:9001,0
DA:9003,0
DA:9009,0
DA:9010,0
DA:9011,0
DA:9012,0
DA:9013,0
DA:9014,0
DA:9017,0
DA:9020,0
DA:9021,0
DA:9022,0
DA:9023,0
DA:9024,0
DA:9025,0
DA:9026,0
DA:9027,0
DA:9034,0
DA:9038,0
DA:9040,0
DA:9046,0
DA:9047,0
DA:9048,0
DA:9049,0
DA:9050,0
DA:9051,0
DA:9054,0
DA:9057,0
DA:9058,0
DA:9059,0
DA:9060,0
DA:9061,0
DA:9062,0
DA:9063,0
DA:9064,0
DA:9071,0
DA:9075,0
DA:9077,0
DA:9083,0
DA:9084,0
DA:9085,0
DA:9086,0
DA:9087,0
DA:9088,0
DA:9091,0
DA:9094,0
DA:9095,0
DA:9096,0
DA:9097,0
DA:9098,0
DA:9099,0
DA:9100,0
DA:9101,0
DA:9108,0
DA:9201,0
DA:9203,0
DA:9390,0
DA:9391,0
DA:9392,0
DA:9393,0
DA:9394,0
DA:9395,0
DA:9396,0
DA:9397,0
DA:9398,0
DA:9399,0
DA:9400,0
DA:9401,0
DA:9402,0
DA:9403,0
DA:9404,0
DA:9405,0
DA:9406,0
DA:9407,0
DA:9408,0
DA:9409,0
DA:9410,0
DA:9411,0
DA:9412,0
DA:9413,0
DA:9414,0
DA:9415,0
DA:9416,0
DA:9417,0
DA:9418,0
DA:9419,0
DA:9420,0
DA:9421,0
DA:9422,0
DA:9423,0
DA:9424,0
DA:9425,0
DA:9426,0
DA:9427,0
DA:9428,0
DA:9429,0
DA:9430,0
DA:9431,0
DA:9432,0
DA:9433,0
DA:9434,0
DA:9435,0
DA:9436,0
DA:9437,0
DA:9438,0
DA:9439,0
DA:9440,0
DA:9441,0
DA:9442,0
DA:9443,0
DA:9444,0
DA:9445,0
DA:9446,0
DA:9447,0
DA:9448,0
DA:9449,0
DA:9450,0
DA:9451,0
DA:9452,0
DA:9453,0
DA:9454,0
DA:9455,0
DA:9456,0
DA:9457,0
DA:9458,0
DA:9459,0
DA:9460,0
DA:9461,0
DA:9462,0
DA:9463,0
DA:9464,0
DA:9465,0
DA:9466,0
DA:9467,0
DA:9468,0
DA:9469,0
DA:9470,0
DA:9471,0
DA:9472,0
DA:9473,0
DA:9474,0
DA:9475,0
DA:9476,0
DA:9477,0
DA:9478,0
DA:9479,0
DA:9480,0
DA:9481,0
DA:9482,0
DA:9483,0
DA:9485,0
DA:9486,0
DA:9487,0
DA:9492,0
DA:9495,0
DA:9508,0
DA:9511,0
DA:9522,0
DA:9525,0
DA:9534,0
DA:9537,0
DA:9548,0
DA:9551,0
DA:9560,0
DA:9563,0
DA:9572,0
DA:9575,0
DA:9582,0
DA:9583,0
DA:9598,0
DA:9601,0
DA:9605,0
DA:9608,0
DA:9609,0
DA:9610,0
DA:9611,0
DA:9612,0
DA:9613,0
DA:9614,0
DA:9616,0
DA:9617,0
DA:9618,0
DA:9619,0
DA:9620,0
DA:9622,0
DA:9626,0
DA:9627,0
DA:9629,0
DA:9630,0
DA:9631,0
DA:9632,0
DA:9633,0
DA:9635,0
DA:9639,0
DA:9640,0
DA:9642,0
DA:9643,0
DA:9644,0
DA:9645,0
DA:9646,0
DA:9648,0
DA:9652,0
DA:9653,0
DA:9654,0
DA:9655,0
DA:9656,0
DA:9657,0
DA:9658,0
DA:9659,0
DA:9661,0
DA:9662,0
DA:9663,0
DA:9664,0
DA:9665,0
DA:9667,0
DA:9671,0
DA:9672,0
DA:9674,0
DA:9676,0
DA:9677,0
DA:9678,0
DA:9679,0
DA:9682,0
DA:9686,0
DA:9687,0
DA:9688,0
DA:9689,0
DA:9690,0
DA:9691,0
DA:9692,0
DA:9693,0
DA:9694,0
DA:9695,0
DA:9696,0
DA:9697,0
DA:9698,0
DA:9699,0
DA:9700,0
DA:9701,0
DA:9702,0
DA:9703,0
DA:9704,0
DA:9705,0
DA:9706,0
DA:9707,0
DA:9708,0
DA:9709,0
DA:9710,0
DA:9711,0
DA:9712,0
DA:9713,0
DA:9714,0
DA:9715,0
DA:9716,0
DA:9717,0
DA:9719,0
DA:9721,0
DA:9722,0
DA:9723,0
DA:9724,0
DA:9727,0
DA:9731,0
DA:9732,0
DA:9734,0
DA:9736,0
DA:9737,0
DA:9738,0
DA:9739,0
DA:9742,0
DA:9746,0
DA:9747,0
DA:9748,0
DA:9749,0
DA:9750,0
DA:9751,0
DA:9753,0
DA:9754,0
DA:9755,0
DA:9757,0
DA:9759,0
DA:9760,0
DA:9762,0
DA:9763,0
DA:9764,0
DA:9765,0
DA:9766,0
DA:9767,0
DA:9769,0
DA:9770,0
DA:9771,0
DA:9772,0
DA:9773,0
DA:9774,0
DA:9775,0
DA:9776,0
DA:9778,0
DA:9779,0
DA:9780,0
DA:9781,0
DA:9782,0
DA:9784,0
DA:9788,0
DA:9789,0
DA:9791,0
DA:9793,0
DA:9794,0
DA:9795,0
DA:9796,0
DA:9799,0
DA:9803,0
DA:9804,0
DA:9805,0
DA:9806,0
DA:9807,0
DA:9808,0
DA:9810,0
DA:9811,0
DA:9812,0
DA:9814,0
DA:9816,0
DA:9817,0
DA:9819,0
DA:9820,0
DA:9821,0
DA:9822,0
DA:9823,0
DA:9824,0
DA:9826,0
DA:9827,0
DA:9828,0
DA:9829,0
DA:9830,0
DA:9831,0
DA:9832,0
DA:9833,0
DA:9835,0
DA:9836,0
DA:9837,0
DA:9838,0
DA:9839,0
DA:9841,0
DA:9845,0
DA:9846,0
DA:9848,0
DA:9849,0
DA:9850,0
DA:9851,0
DA:9852,0
DA:9854,0
DA:9858,0
DA:9859,0
DA:9860,0
DA:9861,0
DA:9862,0
DA:9863,0
DA:9864,0
DA:9865,0
DA:9866,0
DA:9867,0
DA:9868,0
DA:9869,0
DA:9870,0
DA:9871,0
DA:9872,0
DA:9873,0
DA:9874,0
DA:9875,0
DA:9876,0
DA:9877,0
DA:9878,0
DA:9879,0
DA:9880,0
DA:9881,0
DA:9882,0
DA:9883,0
DA:9885,0
DA:9886,0
DA:9887,0
DA:9888,0
DA:9889,0
DA:9891,0
DA:9895,0
DA:9896,0
DA:9898,0
DA:9900,0
DA:9901,0
DA:9902,0
DA:9903,0
DA:9906,0
DA:9910,0
DA:9911,0
DA:9912,0
DA:9913,0
DA:9914,0
DA:9915,0
DA:9916,0
DA:9917,0
DA:9918,0
DA:9919,0
DA:9920,0
DA:9921,0
DA:9922,0
DA:9923,0
DA:9924,0
DA:9925,0
DA:9926,0
DA:9927,0
DA:9928,0
DA:9929,0
DA:9931,0
DA:9932,0
DA:9933,0
DA:9934,0
DA:9935,0
DA:9937,0
DA:9941,0
DA:9942,0
DA:9944,0
DA:9946,0
DA:9947,0
DA:9948,0
DA:9949,0
DA:9952,0
DA:9956,0
DA:9957,0
DA:9958,0
DA:9959,0
DA:9960,0
DA:9961,0
DA:9962,0
DA:9963,0
DA:9964,0
DA:9965,0
DA:9966,0
DA:9967,0
DA:9968,0
DA:9969,0
DA:9970,0
DA:9971,0
DA:9972,0
DA:9973,0
DA:9974,0
DA:9975,0
DA:9977,0
DA:9978,0
DA:9979,0
DA:9980,0
DA:9981,0
DA:9983,0
DA:9987,0
DA:9988,0
DA:9990,0
DA:9992,0
DA:9993,0
DA:9994,0
DA:9995,0
DA:9998,0
DA:10002,0
DA:10003,0
DA:10004,0
DA:10005,0
DA:10006,0
DA:10007,0
DA:10008,0
DA:10009,0
DA:10010,0
DA:10011,0
DA:10012,0
DA:10013,0
DA:10014,0
DA:10015,0
DA:10016,0
DA:10017,0
DA:10018,0
DA:10019,0
DA:10020,0
DA:10021,0
DA:10023,0
DA:10024,0
DA:10025,0
DA:10026,0
DA:10027,0
DA:10029,0
DA:10033,0
DA:10034,0
DA:10036,0
DA:10037,0
DA:10038,0
DA:10039,0
DA:10040,0
DA:10042,0
DA:10046,0
DA:10047,0
DA:10048,0
DA:10049,0
DA:10050,0
DA:10051,0
DA:10052,0
DA:10053,0
DA:10054,0
DA:10055,0
DA:10056,0
DA:10057,0
DA:10058,0
DA:10059,0
DA:10060,0
DA:10061,0
DA:10062,0
DA:10063,0
DA:10064,0
DA:10065,0
DA:10066,0
DA:10067,0
DA:10068,0
DA:10069,0
DA:10070,0
DA:10071,0
DA:10072,0
DA:10073,0
DA:10074,0
DA:10075,0
DA:10076,0
DA:10077,0
DA:10078,0
DA:10079,0
DA:10080,0
DA:10081,0
DA:10082,0
DA:10083,0
DA:10084,0
DA:10085,0
DA:10086,0
DA:10087,0
DA:10088,0
DA:10089,0
DA:10091,0
DA:10092,0
DA:10093,0
DA:10094,0
DA:10095,0
DA:10097,0
DA:10101,0
DA:10102,0
DA:10104,0
DA:10105,0
DA:10106,0
DA:10107,0
DA:10108,0
DA:10110,0
DA:10120,0
DA:10123,0
DA:10125,0
DA:10129,0
DA:10130,0
DA:10131,0
DA:10132,0
DA:10133,0
DA:10136,0
DA:10139,0
DA:10140,0
DA:10141,0
DA:10142,0
DA:10143,0
DA:10150,0
DA:10153,0
DA:10154,0
DA:10160,0
DA:10161,0
DA:10162,0
DA:10163,0
DA:10164,0
DA:10167,0
DA:10170,0
DA:10171,0
DA:10172,0
DA:10173,0
DA:10174,0
DA:10175,0
DA:10176,0
DA:10177,0
DA:10184,0
DA:10193,0
DA:10194,0
DA:10208,0
DA:10209,0
DA:10210,0
DA:10211,0
DA:10212,0
DA:10213,0
DA:10214,0
DA:10215,0
DA:10216,0
DA:10226,0
DA:10229,0
DA:10230,0
DA:10231,0
DA:10232,0
DA:10233,0
DA:10234,0
DA:10235,0
DA:10236,0
DA:10237,0
DA:10238,0
DA:10239,0
DA:10240,0
DA:10241,0
DA:10242,0
DA:10244,0
DA:10245,0
DA:10246,0
DA:10247,0
DA:10248,0
DA:10249,0
DA:10256,0
DA:10260,0
DA:10262,0
DA:10270,0
DA:10271,0
DA:10272,0
DA:10273,0
DA:10274,0
DA:10275,0
DA:10276,0
DA:10279,0
DA:10282,0
DA:10283,0
DA:10284,0
DA:10285,0
DA:10286,0
DA:10287,0
DA:10288,0
DA:10289,0
DA:10290,0
DA:10291,0
DA:10292,0
DA:10299,0
DA:10303,0
DA:10305,0
DA:10312,0
DA:10313,0
DA:10314,0
DA:10315,0
DA:10316,0
DA:10317,0
DA:10320,0
DA:10323,0
DA:10324,0
DA:10325,0
DA:10326,0
DA:10327,0
DA:10328,0
DA:10329,0
DA:10330,0
DA:10337,0
DA:10340,0
DA:10342,0
DA:10346,0
DA:10347,0
DA:10348,0
DA:10349,0
DA:10350,0
DA:10351,0
DA:10354,0
DA:10357,0
DA:10358,0
DA:10359,0
DA:10360,0
DA:10362,0
DA:10363,0
DA:10364,0
DA:10365,0
DA:10366,0
DA:10368,0
DA:10378,0
DA:10381,0
DA:10383,0
DA:10389,0
DA:10390,0
DA:10391,0
DA:10392,0
DA:10393,0
DA:10394,0
DA:10395,0
DA:10396,0
DA:10400,0
DA:10403,0
DA:10404,0
DA:10405,0
DA:10406,0
DA:10408,0
DA:10409,0
DA:10410,0
DA:10411,0
DA:10412,0
DA:10414,0
DA:10418,0
DA:10419,0
DA:10421,0
DA:10422,0
DA:10423,0
DA:10424,0
DA:10425,0
DA:10427,0
DA:10437,0
DA:10440,0
DA:10442,0
DA:10448,0
DA:10449,0
DA:10450,0
DA:10451,0
DA:10452,0
DA:10453,0
DA:10456,0
DA:10459,0
DA:10460,0
DA:10461,0
DA:10462,0
DA:10463,0
DA:10464,0
DA:10465,0
DA:10466,0
DA:10473,0
DA:10521,0
DA:10522,0
DA:10615,0
DA:10616,0
DA:10617,0
DA:10618,0
DA:10619,0
DA:10620,0
DA:10621,0
DA:10622,0
DA:10623,0
DA:10624,0
DA:10625,0
DA:10626,0
DA:10627,0
DA:10628,0
DA:10629,0
DA:10630,0
DA:10631,0
DA:10632,0
DA:10633,0
DA:10634,0
DA:10635,0
DA:10636,0
DA:10637,0
DA:10638,0
DA:10639,0
DA:10640,0
DA:10641,0
DA:10642,0
DA:10643,0
DA:10644,0
DA:10645,0
DA:10646,0
DA:10647,0
DA:10648,0
DA:10649,0
DA:10650,0
DA:10651,0
DA:10652,0
DA:10653,0
DA:10654,0
DA:10655,0
DA:10656,0
DA:10657,0
DA:10658,0
DA:10659,0
DA:10660,0
DA:10661,0
DA:10662,0
DA:10663,0
DA:10665,0
DA:10666,0
DA:10667,0
DA:10672,0
DA:10675,0
DA:10684,0
DA:10687,0
DA:10696,0
DA:10699,0
DA:10706,0
DA:10707,0
DA:10724,0
DA:10727,0
DA:10728,0
DA:10729,0
DA:10730,0
DA:10731,0
DA:10732,0
DA:10733,0
DA:10735,0
DA:10736,0
DA:10737,0
DA:10738,0
DA:10739,0
DA:10741,0
DA:10745,0
DA:10746,0
DA:10748,0
DA:10749,0
DA:10750,0
DA:10751,0
DA:10752,0
DA:10754,0
DA:10758,0
DA:10759,0
DA:10761,0
DA:10762,0
DA:10763,0
DA:10764,0
DA:10765,0
DA:10767,0
DA:10771,0
DA:10772,0
DA:10773,0
DA:10774,0
DA:10775,0
DA:10776,0
DA:10777,0
DA:10778,0
DA:10780,0
DA:10781,0
DA:10782,0
DA:10783,0
DA:10784,0
DA:10786,0
DA:10790,0
DA:10791,0
DA:10793,0
DA:10795,0
DA:10796,0
DA:10797,0
DA:10798,0
DA:10801,0
DA:10805,0
DA:10806,0
DA:10807,0
DA:10808,0
DA:10809,0
DA:10810,0
DA:10811,0
DA:10812,0
DA:10813,0
DA:10814,0
DA:10815,0
DA:10816,0
DA:10817,0
DA:10818,0
DA:10819,0
DA:10820,0
DA:10821,0
DA:10822,0
DA:10823,0
DA:10824,0
DA:10826,0
DA:10827,0
DA:10828,0
DA:10829,0
DA:10830,0
DA:10832,0
DA:10836,0
DA:10837,0
DA:10839,0
DA:10841,0
DA:10842,0
DA:10843,0
DA:10844,0
DA:10847,0
DA:10851,0
DA:10852,0
DA:10853,0
DA:10854,0
DA:10855,0
DA:10856,0
DA:10857,0
DA:10858,0
DA:10859,0
DA:10860,0
DA:10861,0
DA:10862,0
DA:10863,0
DA:10864,0
DA:10865,0
DA:10866,0
DA:10867,0
DA:10868,0
DA:10869,0
DA:10870,0
DA:10872,0
DA:10873,0
DA:10874,0
DA:10875,0
DA:10876,0
DA:10878,0
DA:10882,0
DA:10883,0
DA:10885,0
DA:10887,0
DA:10888,0
DA:10889,0
DA:10890,0
DA:10893,0
DA:10897,0
DA:10898,0
DA:10899,0
DA:10900,0
DA:10901,0
DA:10902,0
DA:10903,0
DA:10904,0
DA:10905,0
DA:10906,0
DA:10907,0
DA:10908,0
DA:10909,0
DA:10910,0
DA:10911,0
DA:10912,0
DA:10913,0
DA:10914,0
DA:10915,0
DA:10916,0
DA:10918,0
DA:10919,0
DA:10920,0
DA:10921,0
DA:10922,0
DA:10924,0
DA:10928,0
DA:10929,0
DA:10931,0
DA:10932,0
DA:10933,0
DA:10934,0
DA:10935,0
DA:10937,0
DA:10941,0
DA:10942,0
DA:10943,0
DA:10944,0
DA:10945,0
DA:10946,0
DA:10947,0
DA:10948,0
DA:10949,0
DA:10950,0
DA:10951,0
DA:10952,0
DA:10953,0
DA:10954,0
DA:10955,0
DA:10956,0
DA:10957,0
DA:10958,0
DA:10959,0
DA:10960,0
DA:10961,0
DA:10962,0
DA:10963,0
DA:10964,0
DA:10965,0
DA:10966,0
DA:10967,0
DA:10968,0
DA:10969,0
DA:10970,0
DA:10971,0
DA:10972,0
DA:10973,0
DA:10974,0
DA:10975,0
DA:10976,0
DA:10977,0
DA:10978,0
DA:10979,0
DA:10986,0
DA:10993,0
DA:10994,0
DA:11004,0
DA:11005,0
DA:11006,0
DA:11007,0
DA:11008,0
DA:11009,0
DA:11010,0
DA:11011,0
DA:11014,0
DA:11017,0
DA:11018,0
DA:11019,0
DA:11020,0
DA:11021,0
DA:11022,0
DA:11023,0
DA:11024,0
DA:11026,0
DA:11027,0
DA:11028,0
DA:11029,0
DA:11030,0
DA:11031,0
DA:11038,0
DA:11041,0
DA:11043,0
DA:11047,0
DA:11048,0
DA:11049,0
DA:11050,0
DA:11051,0
DA:11054,0
DA:11057,0
DA:11058,0
DA:11059,0
DA:11060,0
DA:11061,0
DA:11068,0
DA:11072,0
DA:11074,0
DA:11081,0
DA:11082,0
DA:11083,0
DA:11084,0
DA:11085,0
DA:11086,0
DA:11089,0
DA:11092,0
DA:11093,0
DA:11094,0
DA:11095,0
DA:11096,0
DA:11097,0
DA:11098,0
DA:11099,0
DA:11106,0
DA:11110,0
DA:11112,0
DA:11123,0
DA:11124,0
DA:11125,0
DA:11126,0
DA:11127,0
DA:11128,0
DA:11129,0
DA:11130,0
DA:11131,0
DA:11132,0
DA:11133,0
DA:11134,0
DA:11138,0
DA:11141,0
DA:11142,0
DA:11143,0
DA:11144,0
DA:11146,0
DA:11147,0
DA:11148,0
DA:11149,0
DA:11150,0
DA:11152,0
DA:11156,0
DA:11157,0
DA:11159,0
DA:11160,0
DA:11161,0
DA:11162,0
DA:11163,0
DA:11165,0
DA:11169,0
DA:11170,0
DA:11172,0
DA:11173,0
DA:11174,0
DA:11175,0
DA:11176,0
DA:11178,0
DA:11182,0
DA:11183,0
DA:11185,0
DA:11186,0
DA:11187,0
DA:11188,0
DA:11189,0
DA:11191,0
DA:11201,0
DA:11211,0
DA:11213,0
DA:11230,0
DA:11231,0
DA:11232,0
DA:11233,0
DA:11234,0
DA:11235,0
DA:11236,0
DA:11237,0
DA:11238,0
DA:11239,0
DA:11240,0
DA:11241,0
DA:11242,0
DA:11243,0
DA:11244,0
DA:11245,0
DA:11246,0
DA:11247,0
DA:11251,0
DA:11254,0
DA:11255,0
DA:11256,0
DA:11257,0
DA:11259,0
DA:11260,0
DA:11261,0
DA:11262,0
DA:11263,0
DA:11265,0
DA:11269,0
DA:11270,0
DA:11272,0
DA:11273,0
DA:11274,0
DA:11275,0
DA:11276,0
DA:11278,0
DA:11282,0
DA:11283,0
DA:11285,0
DA:11286,0
DA:11287,0
DA:11288,0
DA:11289,0
DA:11291,0
DA:11295,0
DA:11296,0
DA:11298,0
DA:11299,0
DA:11300,0
DA:11301,0
DA:11302,0
DA:11304,0
DA:11308,0
DA:11309,0
DA:11311,0
DA:11312,0
DA:11313,0
DA:11314,0
DA:11315,0
DA:11317,0
DA:11321,0
DA:11322,0
DA:11324,0
DA:11325,0
DA:11326,0
DA:11327,0
DA:11328,0
DA:11330,0
DA:11334,0
DA:11335,0
DA:11337,0
DA:11338,0
DA:11339,0
DA:11340,0
DA:11341,0
DA:11343,0
DA:11353,0
DA:11356,0
DA:11358,0
DA:11364,0
DA:11365,0
DA:11366,0
DA:11367,0
DA:11368,0
DA:11369,0
DA:11372,0
DA:11375,0
DA:11376,0
DA:11377,0
DA:11378,0
DA:11379,0
DA:11380,0
DA:11381,0
DA:11382,0
DA:11389,0
DA:11392,0
DA:11394,0
DA:11398,0
DA:11399,0
DA:11400,0
DA:11401,0
DA:11402,0
DA:11405,0
DA:11408,0
DA:11409,0
DA:11410,0
DA:11411,0
DA:11412,0
DA:11419,0
DA:11423,0
DA:11425,0
DA:11432,0
DA:11433,0
DA:11434,0
DA:11435,0
DA:11436,0
DA:11437,0
DA:11440,0
DA:11443,0
DA:11444,0
DA:11445,0
DA:11446,0
DA:11447,0
DA:11448,0
DA:11449,0
DA:11450,0
DA:11457,0
DA:11460,0
DA:11462,0
DA:11466,0
DA:11467,0
DA:11468,0
DA:11469,0
DA:11470,0
DA:11471,0
DA:11474,0
DA:11477,0
DA:11478,0
DA:11479,0
DA:11480,0
DA:11482,0
DA:11483,0
DA:11484,0
DA:11485,0
DA:11486,0
DA:11488,0
DA:11498,0
DA:11502,0
DA:11504,0
DA:11510,0
DA:11511,0
DA:11512,0
DA:11513,0
DA:11514,0
DA:11515,0
DA:11518,0
DA:11521,0
DA:11522,0
DA:11523,0
DA:11524,0
DA:11525,0
DA:11526,0
DA:11527,0
DA:11528,0
DA:11535,0
DA:11544,0
DA:11546,0
DA:11560,0
DA:11561,0
DA:11562,0
DA:11563,0
DA:11564,0
DA:11565,0
DA:11566,0
DA:11567,0
DA:11568,0
DA:11569,0
DA:11570,0
DA:11573,0
DA:11576,0
DA:11577,0
DA:11578,0
DA:11579,0
DA:11580,0
DA:11581,0
DA:11582,0
DA:11583,0
DA:11584,0
DA:11585,0
DA:11586,0
DA:11587,0
DA:11588,0
DA:11589,0
DA:11590,0
DA:11591,0
DA:11592,0
DA:11593,0
DA:11594,0
DA:11595,0
DA:11602,0
DA:11606,0
DA:11608,0
DA:11614,0
DA:11615,0
DA:11616,0
DA:11617,0
DA:11618,0
DA:11619,0
DA:11622,0
DA:11625,0
DA:11626,0
DA:11627,0
DA:11628,0
DA:11629,0
DA:11630,0
DA:11631,0
DA:11632,0
DA:11639,0
DA:11642,0
DA:11643,0
DA:11649,0
DA:11650,0
DA:11651,0
DA:11652,0
DA:11653,0
DA:11656,0
DA:11659,0
DA:11660,0
DA:11661,0
DA:11662,0
DA:11663,0
DA:11664,0
DA:11665,0
DA:11666,0
DA:11673,0
DA:11677,0
DA:11679,0
DA:11688,0
DA:11689,0
DA:11690,0
DA:11691,0
DA:11692,0
DA:11693,0
DA:11694,0
DA:11697,0
DA:11700,0
DA:11701,0
DA:11702,0
DA:11703,0
DA:11704,0
DA:11705,0
DA:11706,0
DA:11707,0
DA:11708,0
DA:11709,0
DA:11710,0
DA:11717,0
DA:11721,0
DA:11723,0
DA:11729,0
DA:11730,0
DA:11731,0
DA:11732,0
DA:11733,0
DA:11734,0
DA:11737,0
DA:11740,0
DA:11741,0
DA:11742,0
DA:11743,0
DA:11744,0
DA:11745,0
DA:11746,0
DA:11747,0
DA:11754,0
DA:11812,0
DA:11813,0
DA:11926,0
DA:11927,0
DA:11928,0
DA:11929,0
DA:11930,0
DA:11931,0
DA:11932,0
DA:11933,0
DA:11934,0
DA:11935,0
DA:11936,0
DA:11937,0
DA:11938,0
DA:11939,0
DA:11940,0
DA:11941,0
DA:11942,0
DA:11943,0
DA:11944,0
DA:11945,0
DA:11946,0
DA:11947,0
DA:11948,0
DA:11949,0
DA:11950,0
DA:11951,0
DA:11952,0
DA:11953,0
DA:11954,0
DA:11955,0
DA:11956,0
DA:11957,0
DA:11958,0
DA:11959,0
DA:11960,0
DA:11961,0
DA:11962,0
DA:11963,0
DA:11964,0
DA:11965,0
DA:11966,0
DA:11967,0
DA:11968,0
DA:11969,0
DA:11970,0
DA:11971,0
DA:11972,0
DA:11973,0
DA:11974,0
DA:11975,0
DA:11976,0
DA:11977,0
DA:11978,0
DA:11979,0
DA:11980,0
DA:11981,0
DA:11982,0
DA:11983,0
DA:11985,0
DA:11986,0
DA:11987,0
DA:11992,0
DA:11995,0
DA:12004,0
DA:12007,0
DA:12016,0
DA:12019,0
DA:12026,0
DA:12027,0
DA:12036,0
DA:12039,0
DA:12056,0
DA:12059,0
DA:12060,0
DA:12061,0
DA:12062,0
DA:12063,0
DA:12064,0
DA:12065,0
DA:12067,0
DA:12068,0
DA:12069,0
DA:12070,0
DA:12071,0
DA:12073,0
DA:12077,0
DA:12078,0
DA:12080,0
DA:12081,0
DA:12082,0
DA:12083,0
DA:12084,0
DA:12086,0
DA:12090,0
DA:12091,0
DA:12093,0
DA:12094,0
DA:12095,0
DA:12096,0
DA:12097,0
DA:12099,0
DA:12103,0
DA:12104,0
DA:12105,0
DA:12106,0
DA:12107,0
DA:12108,0
DA:12109,0
DA:12110,0
DA:12112,0
DA:12113,0
DA:12114,0
DA:12115,0
DA:12116,0
DA:12118,0
DA:12122,0
DA:12123,0
DA:12125,0
DA:12127,0
DA:12128,0
DA:12129,0
DA:12130,0
DA:12133,0
DA:12137,0
DA:12138,0
DA:12139,0
DA:12140,0
DA:12141,0
DA:12142,0
DA:12143,0
DA:12144,0
DA:12145,0
DA:12146,0
DA:12147,0
DA:12148,0
DA:12149,0
DA:12150,0
DA:12151,0
DA:12152,0
DA:12153,0
DA:12154,0
DA:12155,0
DA:12156,0
DA:12158,0
DA:12159,0
DA:12160,0
DA:12161,0
DA:12162,0
DA:12164,0
DA:12168,0
DA:12169,0
DA:12171,0
DA:12173,0
DA:12174,0
DA:12175,0
DA:12176,0
DA:12179,0
DA:12183,0
DA:12184,0
DA:12185,0
DA:12186,0
DA:12187,0
DA:12188,0
DA:12189,0
DA:12190,0
DA:12191,0
DA:12192,0
DA:12193,0
DA:12194,0
DA:12195,0
DA:12196,0
DA:12197,0
DA:12198,0
DA:12199,0
DA:12200,0
DA:12201,0
DA:12202,0
DA:12204,0
DA:12205,0
DA:12206,0
DA:12207,0
DA:12208,0
DA:12210,0
DA:12214,0
DA:12215,0
DA:12217,0
DA:12219,0
DA:12220,0
DA:12221,0
DA:12222,0
DA:12225,0
DA:12229,0
DA:12230,0
DA:12231,0
DA:12232,0
DA:12233,0
DA:12234,0
DA:12235,0
DA:12236,0
DA:12237,0
DA:12238,0
DA:12239,0
DA:12240,0
DA:12241,0
DA:12242,0
DA:12243,0
DA:12244,0
DA:12245,0
DA:12246,0
DA:12247,0
DA:12248,0
DA:12250,0
DA:12251,0
DA:12252,0
DA:12253,0
DA:12254,0
DA:12256,0
DA:12260,0
DA:12261,0
DA:12263,0
DA:12264,0
DA:12265,0
DA:12266,0
DA:12267,0
DA:12269,0
DA:12273,0
DA:12274,0
DA:12275,0
DA:12276,0
DA:12277,0
DA:12278,0
DA:12279,0
DA:12280,0
DA:12281,0
DA:12282,0
DA:12283,0
DA:12284,0
DA:12285,0
DA:12286,0
DA:12287,0
DA:12288,0
DA:12289,0
DA:12290,0
DA:12291,0
DA:12292,0
DA:12293,0
DA:12294,0
DA:12295,0
DA:12296,0
DA:12297,0
DA:12298,0
DA:12300,0
DA:12301,0
DA:12302,0
DA:12303,0
DA:12304,0
DA:12306,0
DA:12310,0
DA:12311,0
DA:12313,0
DA:12314,0
DA:12315,0
DA:12316,0
DA:12317,0
DA:12319,0
DA:12323,0
DA:12324,0
DA:12325,0
DA:12326,0
DA:12327,0
DA:12328,0
DA:12329,0
DA:12330,0
DA:12331,0
DA:12332,0
DA:12333,0
DA:12334,0
DA:12335,0
DA:12336,0
DA:12337,0
DA:12338,0
DA:12339,0
DA:12340,0
DA:12341,0
DA:12342,0
DA:12343,0
DA:12344,0
DA:12345,0
DA:12346,0
DA:12347,0
DA:12348,0
DA:12349,0
DA:12350,0
DA:12351,0
DA:12352,0
DA:12353,0
DA:12354,0
DA:12355,0
DA:12356,0
DA:12357,0
DA:12358,0
DA:12359,0
DA:12360,0
DA:12361,0
DA:12368,0
DA:12371,0
DA:12373,0
DA:12377,0
DA:12378,0
DA:12379,0
DA:12380,0
DA:12381,0
DA:12384,0
DA:12387,0
DA:12388,0
DA:12389,0
DA:12390,0
DA:12391,0
DA:12398,0
DA:12401,0
DA:12402,0
DA:12408,0
DA:12409,0
DA:12410,0
DA:12411,0
DA:12412,0
DA:12415,0
DA:12418,0
DA:12420,0
DA:12421,0
DA:12422,0
DA:12423,0
DA:12424,0
DA:12425,0
DA:12432,0
DA:12448,0
DA:12449,0
DA:12477,0
DA:12478,0
DA:12479,0
DA:12480,0
DA:12481,0
DA:12482,0
DA:12483,0
DA:12484,0
DA:12485,0
DA:12486,0
DA:12487,0
DA:12488,0
DA:12489,0
DA:12490,0
DA:12491,0
DA:12492,0
DA:12509,0
DA:12512,0
DA:12514,0
DA:12515,0
DA:12516,0
DA:12517,0
DA:12518,0
DA:12519,0
DA:12520,0
DA:12521,0
DA:12522,0
DA:12523,0
DA:12524,0
DA:12525,0
DA:12526,0
DA:12527,0
DA:12528,0
DA:12529,0
DA:12530,0
DA:12531,0
DA:12532,0
DA:12533,0
DA:12534,0
DA:12535,0
DA:12536,0
DA:12537,0
DA:12538,0
DA:12539,0
DA:12540,0
DA:12541,0
DA:12542,0
DA:12543,0
DA:12544,0
DA:12545,0
DA:12546,0
DA:12547,0
DA:12548,0
DA:12549,0
DA:12550,0
DA:12551,0
DA:12552,0
DA:12559,0
DA:12563,0
DA:12565,0
DA:12575,0
DA:12576,0
DA:12577,0
DA:12578,0
DA:12579,0
DA:12580,0
DA:12581,0
DA:12582,0
DA:12585,0
DA:12588,0
DA:12589,0
DA:12590,0
DA:12591,0
DA:12592,0
DA:12593,0
DA:12594,0
DA:12595,0
DA:12596,0
DA:12597,0
DA:12598,0
DA:12599,0
DA:12600,0
DA:12601,0
DA:12608,0
DA:12611,0
DA:12613,0
DA:12620,0
DA:12621,0
DA:12622,0
DA:12623,0
DA:12624,0
DA:12625,0
DA:12628,0
DA:12631,0
DA:12632,0
DA:12633,0
DA:12634,0
DA:12635,0
DA:12636,0
DA:12637,0
DA:12638,0
DA:12645,0
DA:12648,0
DA:12650,0
DA:12654,0
DA:12655,0
DA:12656,0
DA:12657,0
DA:12658,0
DA:12659,0
DA:12662,0
DA:12665,0
DA:12666,0
DA:12667,0
DA:12668,0
DA:12670,0
DA:12671,0
DA:12672,0
DA:12673,0
DA:12674,0
DA:12676,0
DA:12686,0
DA:12689,0
DA:12690,0
DA:12696,0
DA:12697,0
DA:12698,0
DA:12699,0
DA:12700,0
DA:12701,0
DA:12702,0
DA:12706,0
DA:12709,0
DA:12710,0
DA:12711,0
DA:12712,0
DA:12714,0
DA:12715,0
DA:12716,0
DA:12717,0
DA:12718,0
DA:12720,0
DA:12724,0
DA:12725,0
DA:12727,0
DA:12728,0
DA:12729,0
DA:12730,0
DA:12731,0
DA:12733,0
DA:12743,0
DA:12746,0
DA:12747,0
DA:12753,0
DA:12754,0
DA:12755,0
DA:12756,0
DA:12757,0
DA:12760,0
DA:12763,0
DA:12764,0
DA:12765,0
DA:12766,0
DA:12767,0
DA:12768,0
DA:12769,0
DA:12770,0
DA:12777,0
DA:12873,0
DA:12874,0
DA:13063,0
DA:13064,0
DA:13065,0
DA:13066,0
DA:13067,0
DA:13068,0
DA:13069,0
DA:13070,0
DA:13071,0
DA:13072,0
DA:13073,0
DA:13074,0
DA:13075,0
DA:13076,0
DA:13077,0
DA:13078,0
DA:13079,0
DA:13080,0
DA:13081,0
DA:13082,0
DA:13083,0
DA:13084,0
DA:13085,0
DA:13086,0
DA:13087,0
DA:13088,0
DA:13089,0
DA:13090,0
DA:13091,0
DA:13092,0
DA:13093,0
DA:13094,0
DA:13095,0
DA:13096,0
DA:13097,0
DA:13098,0
DA:13099,0
DA:13100,0
DA:13101,0
DA:13102,0
DA:13103,0
DA:13104,0
DA:13105,0
DA:13106,0
DA:13107,0
DA:13108,0
DA:13109,0
DA:13110,0
DA:13111,0
DA:13112,0
DA:13113,0
DA:13114,0
DA:13115,0
DA:13116,0
DA:13117,0
DA:13118,0
DA:13119,0
DA:13120,0
DA:13121,0
DA:13122,0
DA:13123,0
DA:13124,0
DA:13125,0
DA:13126,0
DA:13127,0
DA:13128,0
DA:13129,0
DA:13130,0
DA:13131,0
DA:13132,0
DA:13133,0
DA:13134,0
DA:13135,0
DA:13136,0
DA:13137,0
DA:13138,0
DA:13139,0
DA:13140,0
DA:13141,0
DA:13142,0
DA:13143,0
DA:13144,0
DA:13145,0
DA:13146,0
DA:13147,0
DA:13148,0
DA:13149,0
DA:13150,0
DA:13151,0
DA:13152,0
DA:13153,0
DA:13154,0
DA:13155,0
DA:13156,0
DA:13157,0
DA:13158,0
DA:13160,0
DA:13161,0
DA:13162,0
DA:13167,0
DA:13170,0
DA:13179,0
DA:13182,0
DA:13191,0
DA:13194,0
DA:13201,0
DA:13202,0
DA:13213,0
DA:13216,0
DA:13225,0
DA:13228,0
DA:13237,0
DA:13240,0
DA:13249,0
DA:13252,0
DA:13263,0
DA:13266,0
DA:13287,0
DA:13290,0
DA:13292,0
DA:13293,0
DA:13294,0
DA:13295,0
DA:13296,0
DA:13298,0
DA:13299,0
DA:13300,0
DA:13301,0
DA:13302,0
DA:13304,0
DA:13308,0
DA:13309,0
DA:13311,0
DA:13312,0
DA:13313,0
DA:13314,0
DA:13315,0
DA:13317,0
DA:13321,0
DA:13322,0
DA:13324,0
DA:13325,0
DA:13326,0
DA:13327,0
DA:13328,0
DA:13330,0
DA:13334,0
DA:13335,0
DA:13336,0
DA:13337,0
DA:13338,0
DA:13339,0
DA:13340,0
DA:13341,0
DA:13343,0
DA:13344,0
DA:13345,0
DA:13346,0
DA:13347,0
DA:13349,0
DA:13353,0
DA:13354,0
DA:13356,0
DA:13358,0
DA:13359,0
DA:13360,0
DA:13361,0
DA:13364,0
DA:13368,0
DA:13369,0
DA:13370,0
DA:13371,0
DA:13372,0
DA:13373,0
DA:13374,0
DA:13375,0
DA:13376,0
DA:13377,0
DA:13378,0
DA:13379,0
DA:13380,0
DA:13381,0
DA:13382,0
DA:13383,0
DA:13384,0
DA:13385,0
DA:13386,0
DA:13387,0
DA:13389,0
DA:13390,0
DA:13391,0
DA:13392,0
DA:13393,0
DA:13395,0
DA:13399,0
DA:13400,0
DA:13402,0
DA:13404,0
DA:13405,0
DA:13406,0
DA:13407,0
DA:13410,0
DA:13414,0
DA:13415,0
DA:13416,0
DA:13417,0
DA:13418,0
DA:13419,0
DA:13420,0
DA:13421,0
DA:13422,0
DA:13423,0
DA:13424,0
DA:13425,0
DA:13426,0
DA:13427,0
DA:13428,0
DA:13429,0
DA:13430,0
DA:13431,0
DA:13432,0
DA:13433,0
DA:13435,0
DA:13436,0
DA:13437,0
DA:13438,0
DA:13439,0
DA:13441,0
DA:13445,0
DA:13446,0
DA:13448,0
DA:13450,0
DA:13451,0
DA:13452,0
DA:13453,0
DA:13456,0
DA:13460,0
DA:13461,0
DA:13462,0
DA:13463,0
DA:13464,0
DA:13465,0
DA:13466,0
DA:13467,0
DA:13468,0
DA:13469,0
DA:13470,0
DA:13471,0
DA:13472,0
DA:13473,0
DA:13474,0
DA:13475,0
DA:13476,0
DA:13477,0
DA:13478,0
DA:13479,0
DA:13481,0
DA:13482,0
DA:13483,0
DA:13484,0
DA:13485,0
DA:13487,0
DA:13491,0
DA:13492,0
DA:13494,0
DA:13495,0
DA:13496,0
DA:13497,0
DA:13498,0
DA:13500,0
DA:13504,0
DA:13505,0
DA:13506,0
DA:13507,0
DA:13508,0
DA:13509,0
DA:13510,0
DA:13511,0
DA:13512,0
DA:13513,0
DA:13514,0
DA:13515,0
DA:13516,0
DA:13517,0
DA:13518,0
DA:13519,0
DA:13520,0
DA:13521,0
DA:13522,0
DA:13523,0
DA:13524,0
DA:13525,0
DA:13526,0
DA:13527,0
DA:13529,0
DA:13530,0
DA:13533,0
DA:13534,0
DA:13535,0
DA:13536,0
DA:13538,0
DA:13539,0
DA:13542,0
DA:13546,0
DA:13547,0
DA:13550,0
DA:13551,0
DA:13552,0
DA:13554,0
DA:13556,0
DA:13557,0
DA:13560,0
DA:13565,0
DA:13566,0
DA:13567,0
DA:13568,0
DA:13569,0
DA:13570,0
DA:13572,0
DA:13573,0
DA:13574,0
DA:13575,0
DA:13576,0
DA:13577,0
DA:13579,0
DA:13580,0
DA:13581,0
DA:13582,0
DA:13583,0
DA:13584,0
DA:13585,0
DA:13586,0
DA:13588,0
DA:13590,0
DA:13591,0
DA:13592,0
DA:13593,0
DA:13596,0
DA:13600,0
DA:13601,0
DA:13603,0
DA:13605,0
DA:13606,0
DA:13607,0
DA:13608,0
DA:13611,0
DA:13615,0
DA:13616,0
DA:13617,0
DA:13618,0
DA:13619,0
DA:13620,0
DA:13621,0
DA:13622,0
DA:13623,0
DA:13624,0
DA:13625,0
DA:13626,0
DA:13627,0
DA:13628,0
DA:13629,0
DA:13630,0
DA:13631,0
DA:13632,0
DA:13633,0
DA:13634,0
DA:13636,0
DA:13638,0
DA:13639,0
DA:13640,0
DA:13641,0
DA:13644,0
DA:13648,0
DA:13649,0
DA:13651,0
DA:13653,0
DA:13654,0
DA:13656,0
DA:13657,0
DA:13660,0
DA:13664,0
DA:13665,0
DA:13666,0
DA:13667,0
DA:13668,0
DA:13669,0
DA:13670,0
DA:13671,0
DA:13672,0
DA:13673,0
DA:13674,0
DA:13675,0
DA:13676,0
DA:13677,0
DA:13678,0
DA:13679,0
DA:13680,0
DA:13681,0
DA:13682,0
DA:13683,0
DA:13685,0
DA:13687,0
DA:13688,0
DA:13689,0
DA:13690,0
DA:13693,0
DA:13697,0
DA:13698,0
DA:13701,0
DA:13703,0
DA:13704,0
DA:13706,0
DA:13707,0
DA:13710,0
DA:13714,0
DA:13715,0
DA:13716,0
DA:13718,0
DA:13720,0
DA:13721,0
DA:13723,0
DA:13724,0
DA:13725,0
DA:13727,0
DA:13729,0
DA:13730,0
DA:13732,0
DA:13733,0
DA:13734,0
DA:13736,0
DA:13738,0
DA:13739,0
DA:13741,0
DA:13742,0
DA:13743,0
DA:13744,0
DA:13745,0
DA:13746,0
DA:13747,0
DA:13748,0
DA:13750,0
DA:13752,0
DA:13753,0
DA:13754,0
DA:13755,0
DA:13758,0
DA:13762,0
DA:13763,0
DA:13765,0
DA:13767,0
DA:13768,0
DA:13770,0
DA:13771,0
DA:13774,0
DA:13778,0
DA:13779,0
DA:13780,0
DA:13781,0
DA:13782,0
DA:13783,0
DA:13784,0
DA:13785,0
DA:13786,0
DA:13787,0
DA:13788,0
DA:13789,0
DA:13790,0
DA:13791,0
DA:13792,0
DA:13793,0
DA:13794,0
DA:13795,0
DA:13796,0
DA:13797,0
DA:13798,0
DA:13799,0
DA:13800,0
DA:13801,0
DA:13802,0
DA:13803,0
DA:13804,0
DA:13805,0
DA:13806,0
DA:13807,0
DA:13808,0
DA:13809,0
DA:13810,0
DA:13811,0
DA:13812,0
DA:13813,0
DA:13814,0
DA:13815,0
DA:13816,0
DA:13817,0
DA:13818,0
DA:13819,0
DA:13820,0
DA:13821,0
DA:13822,0
DA:13823,0
DA:13824,0
DA:13825,0
DA:13826,0
DA:13827,0
DA:13828,0
DA:13835,0
DA:13849,0
DA:13850,0
DA:13874,0
DA:13875,0
DA:13876,0
DA:13877,0
DA:13878,0
DA:13879,0
DA:13880,0
DA:13881,0
DA:13882,0
DA:13883,0
DA:13884,0
DA:13885,0
DA:13886,0
DA:13887,0
DA:13902,0
DA:13905,0
DA:13907,0
DA:13908,0
DA:13909,0
DA:13910,0
DA:13911,0
DA:13912,0
DA:13913,0
DA:13914,0
DA:13915,0
DA:13916,0
DA:13917,0
DA:13918,0
DA:13919,0
DA:13920,0
DA:13921,0
DA:13922,0
DA:13923,0
DA:13924,0
DA:13925,0
DA:13926,0
DA:13927,0
DA:13928,0
DA:13929,0
DA:13930,0
DA:13931,0
DA:13932,0
DA:13933,0
DA:13934,0
DA:13935,0
DA:13936,0
DA:13937,0
DA:13938,0
DA:13939,0
DA:13946,0
DA:13949,0
DA:13951,0
DA:13957,0
DA:13958,0
DA:13959,0
DA:13960,0
[...]
DA:3176,0
DA:3177,0
DA:3179,0
DA:3180,0
DA:3181,0
DA:3183,0
DA:3184,0
DA:3185,0
DA:3187,0
DA:3188,0
DA:3189,0
DA:3190,0
DA:3192,0
DA:3193,0
DA:3195,0
DA:3196,0
DA:3198,0
DA:3199,0
DA:3200,0
DA:3202,0
DA:3205,0
DA:3207,0
DA:3208,0
DA:3209,0
DA:3210,0
DA:3211,0
DA:3212,0
DA:3213,0
DA:3214,0
DA:3215,0
DA:3216,0
DA:3217,0
DA:3218,0
DA:3219,0
DA:3220,0
DA:3221,0
DA:3222,0
DA:3223,0
DA:3224,0
DA:3225,0
DA:3226,0
DA:3227,0
DA:3228,0
DA:3229,0
DA:3230,0
DA:3231,0
DA:3232,0
DA:3233,0
DA:3234,0
DA:3235,0
DA:3236,0
DA:3237,0
DA:3238,0
DA:3239,0
DA:3240,0
DA:3241,0
DA:3242,0
DA:3243,0
DA:3244,0
DA:3245,0
DA:3246,0
DA:3247,0
DA:3248,0
DA:3249,0
DA:3250,0
DA:3251,0
DA:3252,0
DA:3253,0
DA:3254,0
DA:3255,0
DA:3256,0
DA:3257,0
DA:3258,0
DA:3259,0
DA:3260,0
DA:3261,0
DA:3262,0
DA:3263,0
DA:3264,0
DA:3265,0
DA:3266,0
DA:3267,0
DA:3268,0
DA:3269,0
DA:3270,0
DA:3271,0
DA:3272,0
DA:3273,0
DA:3274,0
DA:3275,0
DA:3276,0
DA:3277,0
DA:3278,0
DA:3279,0
DA:3280,0
DA:3281,0
DA:3282,0
DA:3283,0
DA:3284,0
DA:3285,0
DA:3286,0
DA:3287,0
DA:3288,0
DA:3289,0
DA:3290,0
DA:3291,0
DA:3292,0
DA:3293,0
DA:3294,0
DA:3295,0
DA:3296,0
DA:3297,0
DA:3298,0
DA:3299,0
DA:3300,0
DA:3301,0
DA:3304,0
DA:3307,0
DA:3308,0
DA:3311,0
DA:3313,0
DA:3314,0
DA:3317,0
DA:3319,0
DA:3320,0
DA:3321,0
DA:3322,0
DA:3324,0
DA:3325,0
DA:3328,0
DA:3330,0
DA:3331,0
DA:3332,0
DA:3335,0
DA:3337,0
DA:3338,0
DA:3339,0
DA:3340,0
DA:3341,0
DA:3343,0
DA:3344,0
DA:3345,0
DA:3347,0
DA:3348,0
DA:3349,0
DA:3351,0
DA:3352,0
DA:3355,0
DA:3357,0
DA:3358,0
DA:3359,0
DA:3360,0
DA:3361,0
DA:3362,0
DA:3363,0
DA:3366,0
DA:3369,0
DA:3370,0
DA:3371,0
DA:3372,0
DA:3375,0
DA:3377,0
DA:3378,0
DA:3379,0
DA:3380,0
DA:3383,0
DA:3386,0
DA:3387,0
DA:3388,0
DA:3389,0
DA:3393,0
DA:3395,0
DA:3396,0
DA:3397,0
DA:3400,0
DA:3403,0
DA:3404,0
DA:3405,0
DA:3407,0
DA:3410,0
DA:3412,0
DA:3413,0
DA:3416,0
DA:3419,0
DA:3420,0
DA:3421,0
DA:3423,0
DA:3424,0
DA:3425,0
DA:3427,0
DA:3430,0
DA:3432,0
DA:3433,0
DA:3434,0
DA:3437,0
DA:3440,0
DA:3441,0
DA:3443,0
DA:3444,0
DA:3445,0
DA:3447,0
DA:3448,0
DA:3451,0
DA:3453,0
DA:3454,0
DA:3455,0
DA:3458,0
DA:3460,0
DA:3461,0
DA:3462,0
DA:3463,0
DA:3464,0
DA:3465,0
DA:3466,0
DA:3467,0
DA:3468,0
DA:3469,0
DA:3470,0
DA:3471,0
DA:3472,0
DA:3473,0
DA:3474,0
DA:3475,0
DA:3476,0
DA:3477,0
DA:3478,0
DA:3479,0
DA:3480,0
DA:3481,0
DA:3482,0
DA:3483,0
DA:3484,0
DA:3485,0
DA:3486,0
DA:3487,0
DA:3488,0
DA:3489,0
DA:3490,0
DA:3491,0
DA:3492,0
DA:3493,0
DA:3494,0
DA:3495,0
DA:3496,0
DA:3497,0
DA:3498,0
DA:3499,0
DA:3500,0
DA:3501,0
DA:3502,0
DA:3503,0
DA:3504,0
DA:3505,0
DA:3506,0
DA:3507,0
DA:3508,0
DA:3509,0
DA:3510,0
DA:3511,0
DA:3513,0
DA:3514,0
DA:3515,0
DA:3516,0
DA:3517,0
DA:3518,0
DA:3519,0
DA:3520,0
DA:3521,0
DA:3522,0
DA:3523,0
DA:3525,0
DA:3526,0
DA:3527,0
DA:3529,0
DA:3530,0
DA:3531,0
DA:3533,0
DA:3534,0
DA:3535,0
DA:3537,0
DA:3538,0
DA:3539,0
DA:3541,0
DA:3542,0
DA:3543,0
DA:3545,0
DA:3546,0
DA:3547,0
DA:3549,0
DA:3550,0
DA:3553,0
DA:3555,0
DA:3556,0
DA:3557,0
DA:3558,0
DA:3559,0
DA:3560,0
DA:3561,0
DA:3562,0
DA:3563,0
DA:3564,0
DA:3565,0
DA:3566,0
DA:3567,0
DA:3568,0
DA:3569,0
DA:3570,0
DA:3571,0
DA:3572,0
DA:3573,0
DA:3574,0
DA:3575,0
DA:3576,0
DA:3577,0
DA:3578,0
DA:3579,0
DA:3580,0
DA:3581,0
DA:3582,0
DA:3583,0
DA:3584,0
DA:3585,0
DA:3586,0
DA:3587,0
DA:3588,0
DA:3589,0
DA:3590,0
DA:3591,0
DA:3592,0
DA:3593,0
DA:3594,0
DA:3595,0
DA:3596,0
DA:3597,0
DA:3598,0
DA:3599,0
DA:3600,0
DA:3603,0
DA:3605,0
DA:3606,0
DA:3607,0
DA:3609,0
DA:3610,0
DA:3611,0
DA:3613,0
DA:3614,0
DA:3615,0
DA:3617,0
DA:3618,0
DA:3621,0
DA:3623,0
DA:3624,0
DA:3625,0
DA:3626,0
DA:3627,0
DA:3630,0
DA:3633,0
DA:3634,0
DA:3637,0
DA:3639,0
DA:3640,0
DA:3643,0
DA:3646,0
DA:3647,0
DA:3648,0
DA:3649,0
DA:3653,0
DA:3655,0
DA:3656,0
DA:3657,0
DA:3660,0
DA:3663,0
DA:3664,0
DA:3665,0
DA:3667,0
DA:3668,0
DA:3669,0
DA:3671,0
DA:3672,0
DA:3673,0
DA:3675,0
DA:3676,0
DA:3677,0
DA:3679,0
DA:3682,0
DA:3684,0
DA:3685,0
DA:3686,0
DA:3687,0
DA:3688,0
DA:3691,0
DA:3694,0
DA:3695,0
DA:3696,0
DA:3698,0
DA:3699,0
DA:3700,0
DA:3702,0
DA:3703,0
DA:3704,0
DA:3706,0
DA:3707,0
DA:3708,0
DA:3709,0
DA:3711,0
DA:3712,0
DA:3713,0
DA:3714,0
DA:3716,0
DA:3717,0
DA:3718,0
DA:3720,0
DA:3721,0
DA:3722,0
DA:3724,0
DA:3727,0
DA:3729,0
DA:3730,0
DA:3731,0
DA:3732,0
DA:3733,0
DA:3734,0
DA:3735,0
DA:3736,0
DA:3739,0
DA:3741,0
DA:3742,0
DA:3743,0
DA:3745,0
DA:3746,0
DA:3749,0
DA:3751,0
DA:3752,0
DA:3753,0
DA:3756,0
DA:3759,0
DA:3760,0
DA:3763,0
DA:3765,0
DA:3766,0
DA:3769,0
DA:3772,0
DA:3773,0
DA:3774,0
DA:3775,0
DA:3779,0
DA:3781,0
DA:3782,0
DA:3783,0
DA:3786,0
DA:3789,0
DA:3790,0
DA:3791,0
DA:3792,0
DA:3794,0
DA:3797,0
DA:3799,0
DA:3800,0
DA:3803,0
DA:3806,0
DA:3807,0
DA:3808,0
DA:3809,0
DA:3810,0
DA:3813,0
DA:3815,0
DA:3816,0
DA:3817,0
DA:3820,0
DA:3823,0
DA:3824,0
DA:3826,0
DA:3827,0
DA:3828,0
DA:3830,0
DA:3831,0
DA:3832,0
DA:3834,0
DA:3835,0
DA:3836,0
DA:3838,0
DA:3839,0
DA:3840,0
DA:3841,0
DA:3844,0
DA:3846,0
DA:3847,0
DA:3848,0
DA:3849,0
DA:3850,0
DA:3851,0
DA:3852,0
DA:3855,0
DA:3858,0
DA:3859,0
DA:3860,0
DA:3861,0
DA:3862,0
DA:3865,0
DA:3867,0
DA:3868,0
DA:3869,0
DA:3872,0
DA:3874,0
DA:3875,0
DA:3876,0
DA:3877,0
DA:3878,0
DA:3881,0
DA:3883,0
DA:3884,0
DA:3885,0
DA:3888,0
DA:3891,0
DA:3892,0
DA:3893,0
DA:3894,0
DA:3895,0
DA:3896,0
DA:3900,0
DA:3902,0
DA:3903,0
DA:3904,0
DA:3905,0
DA:3908,0
DA:3911,0
DA:3912,0
DA:3913,0
DA:3914,0
DA:3915,0
DA:3918,0
DA:3920,0
DA:3921,0
DA:3922,0
DA:3925,0
DA:3927,0
DA:3928,0
DA:3929,0
DA:3930,0
DA:3931,0
DA:3932,0
DA:3933,0
DA:3934,0
DA:3935,0
DA:3936,0
DA:3937,0
DA:3938,0
DA:3939,0
DA:3940,0
DA:3941,0
DA:3942,0
DA:3943,0
DA:3944,0
DA:3945,0
DA:3946,0
DA:3947,0
DA:3948,0
DA:3949,0
DA:3950,0
DA:3951,0
DA:3952,0
DA:3953,0
DA:3954,0
DA:3955,0
DA:3956,0
DA:3957,0
DA:3958,0
DA:3959,0
DA:3960,0
DA:3961,0
DA:3962,0
DA:3963,0
DA:3964,0
DA:3965,0
DA:3966,0
DA:3967,0
DA:3968,0
DA:3969,0
DA:3970,0
DA:3971,0
DA:3972,0
DA:3973,0
DA:3974,0
DA:3975,0
DA:3976,0
DA:3977,0
DA:3978,0
DA:3980,0
DA:3981,0
DA:3982,0
DA:3983,0
DA:3984,0
DA:3985,0
DA:3986,0
DA:3987,0
DA:3988,0
DA:3989,0
DA:3990,0
DA:3991,0
DA:3992,0
DA:3993,0
DA:3994,0
DA:3995,0
DA:3996,0
DA:3997,0
DA:3998,0
DA:3999,0
DA:4000,0
DA:4001,0
DA:4002,0
DA:4003,0
DA:4004,0
DA:4006,0
DA:4007,0
DA:4008,0
DA:4010,0
DA:4011,0
DA:4012,0
DA:4014,0
DA:4015,0
DA:4016,0
DA:4018,0
DA:4019,0
DA:4020,0
DA:4022,0
DA:4023,0
DA:4024,0
DA:4026,0
DA:4027,0
DA:4028,0
DA:4030,0
DA:4031,0
DA:4034,0
DA:4036,0
DA:4037,0
DA:4038,0
DA:4039,0
DA:4040,0
DA:4041,0
DA:4042,0
DA:4043,0
DA:4044,0
DA:4045,0
DA:4046,0
DA:4047,0
DA:4048,0
DA:4049,0
DA:4050,0
DA:4051,0
DA:4052,0
DA:4053,0
DA:4054,0
DA:4055,0
DA:4056,0
DA:4057,0
DA:4058,0
DA:4059,0
DA:4060,0
DA:4061,0
DA:4062,0
DA:4063,0
DA:4064,0
DA:4065,0
DA:4066,0
DA:4067,0
DA:4068,0
DA:4069,0
DA:4070,0
DA:4071,0
DA:4072,0
DA:4073,0
DA:4074,0
DA:4075,0
DA:4076,0
DA:4077,0
DA:4078,0
DA:4079,0
DA:4080,0
DA:4081,0
DA:4082,0
DA:4083,0
DA:4084,0
DA:4085,0
DA:4086,0
DA:4087,0
DA:4088,0
DA:4089,0
DA:4090,0
DA:4091,0
DA:4094,0
DA:4096,0
DA:4097,0
DA:4100,0
DA:4102,0
DA:4103,0
DA:4106,0
DA:4108,0
DA:4109,0
DA:4110,0
DA:4111,0
DA:4113,0
DA:4114,0
DA:4117,0
DA:4119,0
DA:4120,0
DA:4121,0
DA:4124,0
DA:4126,0
DA:4127,0
DA:4128,0
DA:4129,0
DA:4130,0
DA:4131,0
DA:4132,0
DA:4133,0
DA:4134,0
DA:4135,0
DA:4136,0
DA:4138,0
DA:4139,0
DA:4140,0
DA:4142,0
DA:4143,0
DA:4144,0
DA:4146,0
DA:4147,0
DA:4148,0
DA:4150,0
DA:4151,0
DA:4154,0
DA:4156,0
DA:4157,0
DA:4158,0
DA:4159,0
DA:4160,0
DA:4161,0
DA:4162,0
DA:4163,0
DA:4164,0
DA:4165,0
DA:4166,0
DA:4167,0
DA:4168,0
DA:4169,0
DA:4172,0
DA:4174,0
DA:4175,0
DA:4176,0
DA:4177,0
DA:4178,0
DA:4181,0
DA:4183,0
DA:4184,0
DA:4185,0
DA:4186,0
DA:4187,0
DA:4190,0
DA:4192,0
DA:4193,0
DA:4194,0
DA:4195,0
DA:4199,0
DA:4201,0
DA:4202,0
DA:4203,0
DA:4206,0
DA:4208,0
DA:4209,0
DA:4210,0
DA:4212,0
DA:4215,0
DA:4217,0
DA:4218,0
DA:4221,0
DA:4223,0
DA:4224,0
DA:4225,0
DA:4226,0
DA:4227,0
DA:4228,0
DA:4229,0
DA:4230,0
DA:4233,0
DA:4235,0
DA:4236,0
DA:4237,0
DA:4240,0
DA:4242,0
DA:4243,0
DA:4245,0
DA:4246,0
DA:4247,0
DA:4249,0
DA:4250,0
DA:4253,0
DA:4255,0
DA:4256,0
DA:4257,0
DA:4260,0
DA:4262,0
DA:4263,0
DA:4264,0
DA:4265,0
DA:4266,0
DA:4267,0
DA:4268,0
DA:4269,0
DA:4270,0
DA:4271,0
DA:4272,0
DA:4273,0
DA:4274,0
DA:4275,0
DA:4276,0
DA:4277,0
DA:4278,0
DA:4279,0
DA:4280,0
DA:4281,0
DA:4282,0
DA:4283,0
DA:4284,0
DA:4285,0
DA:4286,0
DA:4287,0
DA:4288,0
DA:4289,0
DA:4290,0
DA:4291,0
DA:4292,0
DA:4293,0
DA:4294,0
DA:4295,0
DA:4296,0
DA:4297,0
DA:4298,0
DA:4299,0
DA:4300,0
DA:4301,0
DA:4302,0
DA:4303,0
DA:4304,0
DA:4305,0
DA:4306,0
DA:4307,0
DA:4308,0
DA:4309,0
DA:4310,0
DA:4312,0
DA:4313,0
DA:4314,0
DA:4315,0
DA:4316,0
DA:4317,0
DA:4318,0
DA:4319,0
DA:4320,0
DA:4321,0
DA:4322,0
DA:4323,0
DA:4324,0
DA:4325,0
DA:4326,0
DA:4328,0
DA:4329,0
DA:4330,0
DA:4331,0
DA:4332,0
DA:4333,0
DA:4334,0
DA:4335,0
DA:4336,0
DA:4337,0
DA:4338,0
DA:4339,0
DA:4340,0
DA:4341,0
DA:4342,0
DA:4343,0
DA:4344,0
DA:4345,0
DA:4346,0
DA:4347,0
DA:4348,0
DA:4349,0
DA:4350,0
DA:4351,0
DA:4352,0
DA:4353,0
DA:4354,0
DA:4355,0
DA:4356,0
DA:4357,0
DA:4358,0
DA:4359,0
DA:4360,0
DA:4361,0
DA:4362,0
DA:4363,0
DA:4364,0
DA:4365,0
DA:4366,0
DA:4367,0
DA:4369,0
DA:4370,0
DA:4372,0
DA:4373,0
DA:4375,0
DA:4376,0
DA:4377,0
DA:4378,0
DA:4379,0
DA:4380,0
DA:4381,0
DA:4382,0
DA:4383,0
DA:4384,0
DA:4385,0
DA:4386,0
DA:4387,0
DA:4388,0
DA:4390,0
DA:4391,0
DA:4392,0
DA:4394,0
DA:4395,0
DA:4396,0
DA:4398,0
DA:4399,0
DA:4400,0
DA:4402,0
DA:4403,0
DA:4404,0
DA:4406,0
DA:4407,0
DA:4408,0
DA:4410,0
DA:4411,0
DA:4412,0
DA:4414,0
DA:4415,0
DA:4416,0
DA:4418,0
DA:4419,0
DA:4420,0
DA:4422,0
DA:4423,0
DA:4424,0
DA:4426,0
DA:4427,0
DA:4428,0
DA:4430,0
DA:4431,0
DA:4432,0
DA:4434,0
DA:4435,0
DA:4436,0
DA:4438,0
DA:4439,0
DA:4442,0
DA:4444,0
DA:4445,0
DA:4446,0
DA:4447,0
DA:4448,0
DA:4449,0
DA:4450,0
DA:4451,0
DA:4452,0
DA:4453,0
DA:4454,0
DA:4455,0
DA:4456,0
DA:4457,0
DA:4458,0
DA:4459,0
DA:4460,0
DA:4461,0
DA:4462,0
DA:4463,0
DA:4464,0
DA:4465,0
DA:4466,0
DA:4467,0
DA:4468,0
DA:4469,0
DA:4470,0
DA:4471,0
DA:4472,0
DA:4473,0
DA:4474,0
DA:4475,0
DA:4476,0
DA:4477,0
DA:4478,0
DA:4479,0
DA:4480,0
DA:4481,0
DA:4482,0
DA:4483,0
DA:4484,0
DA:4485,0
DA:4486,0
DA:4487,0
DA:4488,0
DA:4489,0
DA:4490,0
DA:4491,0
DA:4492,0
DA:4493,0
DA:4494,0
DA:4495,0
DA:4496,0
DA:4497,0
DA:4498,0
DA:4499,0
DA:4500,0
DA:4501,0
DA:4502,0
DA:4503,0
DA:4504,0
DA:4505,0
DA:4506,0
DA:4507,0
DA:4508,0
DA:4509,0
DA:4510,0
DA:4511,0
DA:4512,0
DA:4513,0
DA:4514,0
DA:4515,0
DA:4516,0
DA:4517,0
DA:4518,0
DA:4519,0
DA:4520,0
DA:4521,0
DA:4522,0
DA:4523,0
DA:4524,0
DA:4525,0
DA:4526,0
DA:4527,0
DA:4528,0
DA:4529,0
DA:4530,0
DA:4531,0
DA:4532,0
DA:4533,0
DA:4534,0
DA:4535,0
DA:4536,0
DA:4537,0
DA:4540,0
DA:4542,0
DA:4543,0
DA:4544,0
DA:4545,0
DA:4546,0
DA:4547,0
DA:4548,0
DA:4549,0
DA:4550,0
DA:4552,0
DA:4553,0
DA:4554,0
DA:4556,0
DA:4557,0
DA:4558,0
DA:4560,0
DA:4561,0
DA:4562,0
DA:4564,0
DA:4565,0
DA:4568,0
DA:4570,0
DA:4571,0
DA:4572,0
DA:4573,0
DA:4574,0
DA:4575,0
DA:4576,0
DA:4577,0
DA:4578,0
DA:4579,0
DA:4580,0
DA:4581,0
DA:4584,0
DA:4586,0
DA:4587,0
DA:4588,0
DA:4591,0
DA:4593,0
DA:4594,0
DA:4595,0
DA:4598,0
DA:4600,0
DA:4601,0
DA:4602,0
DA:4603,0
DA:4607,0
DA:4609,0
DA:4610,0
DA:4611,0
DA:4614,0
DA:4616,0
DA:4617,0
DA:4618,0
DA:4620,0
DA:4621,0
DA:4622,0
DA:4624,0
DA:4625,0
DA:4626,0
DA:4628,0
DA:4629,0
DA:4630,0
DA:4632,0
DA:4635,0
DA:4637,0
DA:4638,0
DA:4639,0
DA:4640,0
DA:4641,0
DA:4644,0
DA:4646,0
DA:4647,0
DA:4648,0
DA:4649,0
DA:4650,0
DA:4651,0
DA:4652,0
DA:4653,0
DA:4654,0
DA:4655,0
DA:4656,0
DA:4657,0
DA:4658,0
DA:4659,0
DA:4661,0
DA:4662,0
DA:4663,0
DA:4665,0
DA:4666,0
DA:4667,0
DA:4668,0
DA:4669,0
DA:4670,0
DA:4671,0
DA:4672,0
DA:4673,0
DA:4676,0
DA:4678,0
DA:4679,0
DA:4680,0
DA:4681,0
DA:4682,0
DA:4683,0
DA:4684,0
DA:4685,0
DA:4688,0
DA:4690,0
DA:4691,0
DA:4692,0
DA:4693,0
DA:4694,0
DA:4695,0
DA:4696,0
DA:4697,0
DA:4698,0
DA:4700,0
DA:4701,0
DA:4704,0
DA:4706,0
DA:4707,0
DA:4708,0
DA:4709,0
DA:4710,0
DA:4711,0
DA:4712,0
DA:4713,0
DA:4714,0
DA:4717,0
DA:4720,0
DA:4721,0
DA:4722,0
DA:4725,0
DA:4727,0
DA:4728,0
DA:4729,0
DA:4732,0
DA:4734,0
DA:4735,0
DA:4736,0
DA:4737,0
DA:4741,0
DA:4743,0
DA:4744,0
DA:4745,0
DA:4748,0
DA:4751,0
DA:4752,0
DA:4753,0
DA:4755,0
DA:4758,0
DA:4760,0
DA:4761,0
DA:4764,0
DA:4767,0
DA:4768,0
DA:4769,0
DA:4770,0
DA:4771,0
DA:4774,0
DA:4776,0
DA:4777,0
DA:4778,0
DA:4781,0
DA:4783,0
DA:4784,0
DA:4786,0
DA:4787,0
DA:4788,0
DA:4790,0
DA:4791,0
DA:4792,0
DA:4794,0
DA:4795,0
DA:4796,0
DA:4798,0
DA:4799,0
DA:4800,0
DA:4801,0
DA:4804,0
DA:4806,0
DA:4807,0
DA:4808,0
DA:4809,0
DA:4810,0
DA:4811,0
DA:4812,0
DA:4815,0
DA:4818,0
DA:4819,0
DA:4820,0
DA:4821,0
DA:4822,0
DA:4825,0
DA:4827,0
DA:4828,0
DA:4829,0
DA:4832,0
DA:4834,0
DA:4836,0
DA:4838,0
DA:4841,0
DA:4843,0
DA:4844,0
DA:4845,0
DA:4848,0
DA:4850,0
DA:4851,0
DA:4852,0
DA:4853,0
DA:4854,0
DA:4855,0
DA:4859,0
DA:4861,0
DA:4862,0
DA:4863,0
DA:4864,0
DA:4867,0
DA:4870,0
DA:4871,0
DA:4872,0
DA:4873,0
DA:4874,0
DA:4877,0
DA:4879,0
DA:4880,0
DA:4881,0
DA:4884,0
DA:4885,0
DA:4886,0
DA:4887,0
DA:4888,0
DA:4889,0
DA:4890,0
DA:4891,0
DA:4892,0
DA:4893,0
DA:4894,0
DA:4895,0
DA:4896,0
DA:4897,0
DA:4898,0
DA:4899,0
DA:4900,0
DA:4901,0
DA:4902,0
DA:4903,0
DA:4904,0
DA:4905,0
DA:4906,0
DA:4907,0
DA:4908,0
DA:4909,0
DA:4910,0
DA:4911,0
DA:4912,0
DA:4913,0
DA:4914,0
DA:4915,0
DA:4916,0
DA:4917,0
DA:4918,0
DA:4919,0
DA:4920,0
DA:4921,0
DA:4922,0
DA:4923,0
DA:4924,0
DA:4925,0
DA:4926,0
DA:4927,0
DA:4928,0
DA:4929,0
DA:4930,0
DA:4931,0
DA:4932,0
DA:4933,0
DA:4935,0
DA:4936,0
DA:4937,0
DA:4938,0
DA:4939,0
DA:4940,0
DA:4941,0
DA:4942,0
DA:4943,0
DA:4944,0
DA:4945,0
DA:4946,0
DA:4948,0
DA:4949,0
DA:4950,0
DA:4951,0
DA:4952,0
DA:4953,0
DA:4954,0
DA:4955,0
DA:4956,0
DA:4957,0
DA:4958,0
DA:4959,0
DA:4960,0
DA:4961,0
DA:4962,0
DA:4963,0
DA:4964,0
DA:4965,0
DA:4966,0
DA:4967,0
DA:4968,0
DA:4970,0
DA:4971,0
DA:4972,0
DA:4973,0
DA:4974,0
DA:4975,0
DA:4976,0
DA:4977,0
DA:4979,0
DA:4980,0
DA:4981,0
DA:4982,0
DA:4983,0
DA:4984,0
DA:4985,0
DA:4986,0
DA:4987,0
DA:4988,0
DA:4989,0
DA:4990,0
DA:4991,0
DA:4992,0
DA:4993,0
DA:4994,0
DA:4995,0
DA:4996,0
DA:4997,0
DA:4998,0
DA:4999,0
DA:5000,0
DA:5001,0
DA:5002,0
DA:5003,0
DA:5004,0
DA:5005,0
DA:5006,0
DA:5007,0
DA:5008,0
DA:5009,0
DA:5010,0
DA:5011,0
DA:5012,0
DA:5013,0
DA:5014,0
DA:5015,0
DA:5016,0
DA:5017,0
DA:5018,0
DA:5020,0
DA:5021,0
DA:5023,0
DA:5024,0
DA:5026,0
DA:5027,0
DA:5028,0
DA:5029,0
DA:5030,0
DA:5031,0
DA:5032,0
DA:5033,0
DA:5034,0
DA:5035,0
DA:5036,0
DA:5037,0
DA:5038,0
DA:5039,0
DA:5041,0
DA:5042,0
DA:5043,0
DA:5045,0
DA:5046,0
DA:5047,0
DA:5049,0
DA:5050,0
DA:5051,0
DA:5053,0
DA:5054,0
DA:5055,0
DA:5057,0
DA:5058,0
DA:5059,0
DA:5061,0
DA:5062,0
DA:5063,0
DA:5065,0
DA:5066,0
DA:5067,0
DA:5069,0
DA:5070,0
DA:5071,0
DA:5073,0
DA:5074,0
DA:5075,0
DA:5077,0
DA:5078,0
DA:5079,0
DA:5081,0
DA:5082,0
DA:5083,0
DA:5085,0
DA:5086,0
DA:5087,0
DA:5089,0
DA:5090,0
DA:5093,0
DA:5095,0
DA:5096,0
DA:5097,0
DA:5098,0
DA:5099,0
DA:5100,0
DA:5101,0
DA:5102,0
DA:5103,0
DA:5104,0
DA:5105,0
DA:5106,0
DA:5107,0
DA:5108,0
DA:5109,0
DA:5110,0
DA:5111,0
DA:5112,0
DA:5113,0
DA:5114,0
DA:5115,0
DA:5116,0
DA:5117,0
DA:5118,0
DA:5119,0
DA:5120,0
DA:5121,0
DA:5122,0
DA:5123,0
DA:5124,0
DA:5125,0
DA:5126,0
DA:5127,0
DA:5128,0
DA:5129,0
DA:5130,0
DA:5131,0
DA:5132,0
DA:5133,0
DA:5134,0
DA:5135,0
DA:5136,0
DA:5137,0
DA:5138,0
DA:5139,0
DA:5140,0
DA:5141,0
DA:5142,0
DA:5143,0
DA:5144,0
DA:5145,0
DA:5146,0
DA:5147,0
DA:5148,0
DA:5149,0
DA:5150,0
DA:5151,0
DA:5152,0
DA:5153,0
DA:5154,0
DA:5155,0
DA:5156,0
DA:5157,0
DA:5158,0
DA:5159,0
DA:5160,0
DA:5161,0
DA:5162,0
DA:5163,0
DA:5164,0
DA:5165,0
DA:5166,0
DA:5167,0
DA:5168,0
DA:5169,0
DA:5170,0
DA:5171,0
DA:5172,0
DA:5173,0
DA:5174,0
DA:5175,0
DA:5176,0
DA:5177,0
DA:5178,0
DA:5179,0
DA:5180,0
DA:5181,0
DA:5182,0
DA:5183,0
DA:5184,0
DA:5185,0
DA:5186,0
DA:5187,0
DA:5188,0
DA:5189,0
DA:5190,0
DA:5191,0
DA:5192,0
DA:5193,0
DA:5194,0
DA:5195,0
DA:5196,0
DA:5197,0
DA:5198,0
DA:5199,0
DA:5200,0
DA:5201,0
DA:5202,0
DA:5203,0
DA:5204,0
DA:5205,0
DA:5206,0
DA:5207,0
DA:5208,0
DA:5211,0
DA:5213,0
DA:5214,0
DA:5217,0
DA:5219,0
DA:5220,0
DA:5223,0
DA:5225,0
DA:5226,0
DA:5228,0
DA:5229,0
DA:5231,0
DA:5234,0
DA:5236,0
DA:5237,0
DA:5238,0
DA:5241,0
DA:5243,0
DA:5244,0
DA:5245,0
DA:5246,0
DA:5248,0
DA:5249,0
DA:5252,0
DA:5254,0
DA:5255,0
DA:5256,0
DA:5259,0
DA:5261,0
DA:5262,0
DA:5263,0
DA:5264,0
DA:5265,0
DA:5268,0
DA:5270,0
DA:5271,0
DA:5274,0
DA:5276,0
DA:5277,0
DA:5279,0
DA:5280,0
DA:5283,0
DA:5285,0
DA:5286,0
DA:5289,0
DA:5291,0
DA:5292,0
DA:5293,0
DA:5294,0
DA:5295,0
DA:5296,0
DA:5297,0
DA:5298,0
DA:5299,0
DA:5300,0
DA:5301,0
DA:5302,0
DA:5303,0
DA:5304,0
DA:5305,0
DA:5306,0
DA:5307,0
DA:5308,0
DA:5309,0
DA:5310,0
DA:5311,0
DA:5312,0
DA:5313,0
DA:5314,0
DA:5315,0
DA:5316,0
DA:5317,0
DA:5318,0
DA:5319,0
DA:5321,0
DA:5322,0
DA:5323,0
DA:5324,0
DA:5325,0
DA:5326,0
DA:5327,0
DA:5328,0
DA:5329,0
DA:5330,0
DA:5331,0
DA:5332,0
DA:5333,0
DA:5334,0
DA:5335,0
DA:5336,0
DA:5337,0
DA:5338,0
DA:5339,0
DA:5340,0
DA:5341,0
DA:5342,0
DA:5343,0
DA:5344,0
DA:5345,0
DA:5346,0
DA:5347,0
DA:5348,0
DA:5349,0
DA:5350,0
DA:5351,0
DA:5352,0
DA:5353,0
DA:5354,0
DA:5355,0
DA:5356,0
DA:5357,0
DA:5358,0
DA:5359,0
DA:5360,0
DA:5361,0
DA:5362,0
DA:5363,0
DA:5364,0
DA:5365,0
DA:5366,0
DA:5367,0
DA:5368,0
DA:5370,0
DA:5371,0
DA:5372,0
DA:5373,0
DA:5374,0
DA:5375,0
DA:5376,0
DA:5377,0
DA:5378,0
DA:5379,0
DA:5380,0
DA:5382,0
DA:5384,0
DA:5385,0
DA:5387,0
DA:5388,0
DA:5389,0
DA:5391,0
DA:5394,0
DA:5396,0
DA:5397,0
DA:5398,0
DA:5399,0
DA:5400,0
DA:5401,0
DA:5402,0
DA:5403,0
DA:5404,0
DA:5405,0
DA:5406,0
DA:5407,0
DA:5408,0
DA:5409,0
DA:5410,0
DA:5411,0
DA:5412,0
DA:5413,0
DA:5414,0
DA:5415,0
DA:5416,0
DA:5417,0
DA:5418,0
DA:5419,0
DA:5420,0
DA:5421,0
DA:5422,0
DA:5423,0
DA:5424,0
DA:5425,0
DA:5426,0
DA:5427,0
DA:5428,0
DA:5429,0
DA:5430,0
DA:5431,0
DA:5432,0
DA:5433,0
DA:5434,0
DA:5435,0
DA:5436,0
DA:5437,0
DA:5438,0
DA:5439,0
DA:5440,0
DA:5441,0
DA:5442,0
DA:5443,0
DA:5444,0
DA:5445,0
DA:5446,0
DA:5447,0
DA:5448,0
DA:5449,0
DA:5450,0
DA:5451,0
DA:5452,0
DA:5453,0
DA:5454,0
DA:5455,0
DA:5456,0
DA:5457,0
DA:5458,0
DA:5460,0
DA:5462,0
DA:5473,0
DA:5475,0
DA:5476,0
DA:5477,0
DA:5478,0
DA:5479,0
DA:5480,0
DA:5481,0
DA:5482,0
DA:5483,0
DA:5484,0
DA:5485,0
DA:5486,0
DA:5487,0
DA:5490,0
DA:5492,0
DA:5493,0
DA:5494,0
DA:5495,0
DA:5498,0
DA:5500,0
DA:5501,0
DA:5503,0
DA:5504,0
DA:5505,0
DA:5508,0
DA:5510,0
DA:5511,0
DA:5512,0
DA:5515,0
DA:5517,0
DA:5518,0
DA:5519,0
DA:5520,0
DA:5521,0
DA:5522,0
DA:5523,0
DA:5524,0
DA:5525,0
DA:5526,0
DA:5527,0
DA:5528,0
DA:5529,0
DA:5530,0
DA:5531,0
DA:5532,0
DA:5533,0
DA:5534,0
DA:5535,0
DA:5536,0
DA:5537,0
DA:5538,0
DA:5539,0
DA:5540,0
DA:5541,0
DA:5542,0
DA:5543,0
DA:5544,0
DA:5545,0
DA:5547,0
DA:5548,0
DA:5549,0
DA:5550,0
DA:5551,0
DA:5552,0
DA:5553,0
DA:5554,0
DA:5555,0
DA:5556,0
DA:5557,0
DA:5558,0
DA:5559,0
DA:5560,0
DA:5561,0
DA:5562,0
DA:5563,0
DA:5564,0
DA:5565,0
DA:5566,0
DA:5567,0
DA:5568,0
DA:5569,0
DA:5570,0
DA:5571,0
DA:5572,0
DA:5573,0
DA:5574,0
DA:5575,0
DA:5576,0
DA:5577,0
DA:5578,0
DA:5579,0
DA:5580,0
DA:5581,0
DA:5582,0
DA:5583,0
DA:5584,0
DA:5585,0
DA:5586,0
DA:5587,0
DA:5588,0
DA:5589,0
DA:5590,0
DA:5591,0
DA:5592,0
DA:5593,0
DA:5594,0
DA:5596,0
DA:5597,0
DA:5598,0
DA:5599,0
DA:5600,0
DA:5601,0
DA:5602,0
DA:5603,0
DA:5604,0
DA:5605,0
DA:5606,0
DA:5608,0
DA:5610,0
DA:5611,0
DA:5613,0
DA:5614,0
DA:5615,0
DA:5617,0
DA:5620,0
DA:5622,0
DA:5623,0
DA:5624,0
DA:5625,0
DA:5626,0
DA:5627,0
DA:5628,0
DA:5629,0
DA:5630,0
DA:5631,0
DA:5632,0
DA:5633,0
DA:5634,0
DA:5635,0
DA:5636,0
DA:5637,0
DA:5638,0
DA:5639,0
DA:5640,0
DA:5641,0
DA:5642,0
DA:5643,0
DA:5644,0
DA:5645,0
DA:5646,0
DA:5647,0
DA:5648,0
DA:5649,0
DA:5650,0
DA:5651,0
DA:5652,0
DA:5653,0
DA:5654,0
DA:5655,0
DA:5656,0
DA:5657,0
DA:5658,0
DA:5659,0
DA:5660,0
DA:5661,0
DA:5662,0
DA:5663,0
DA:5664,0
DA:5665,0
DA:5666,0
DA:5667,0
DA:5668,0
DA:5669,0
DA:5670,0
DA:5671,0
DA:5672,0
DA:5673,0
DA:5674,0
DA:5675,0
DA:5676,0
DA:5677,0
DA:5678,0
DA:5679,0
DA:5680,0
DA:5681,0
DA:5682,0
DA:5683,0
DA:5684,0
DA:5686,0
DA:5688,0
DA:5691,0
DA:5693,0
DA:5694,0
DA:5697,0
DA:5699,0
DA:5700,0
DA:5703,0
DA:5705,0
DA:5706,0
DA:5707,0
DA:5709,0
DA:5712,0
DA:5714,0
DA:5715,0
DA:5716,0
DA:5717,0
LF:4411
LH:0
end_of_record
