SF:lib\core\repositories\errors.dart
DA:5,3
LF:1
LH:1
end_of_record
SF:lib\core\repositories\mock_data.dart
DA:6,9
DA:7,3
DA:8,3
DA:11,9
DA:12,3
DA:16,9
DA:17,6
DA:28,3
DA:32,9
DA:33,6
DA:44,3
DA:48,9
DA:49,6
DA:60,3
DA:64,9
DA:65,6
DA:76,3
DA:80,9
DA:81,6
DA:92,3
DA:96,9
DA:97,6
DA:108,3
DA:112,9
DA:113,6
DA:124,3
DA:128,9
DA:129,6
DA:140,3
DA:144,9
DA:145,6
DA:159,1
DA:160,2
DA:162,1
DA:164,2
DA:165,2
DA:168,2
DA:169,2
DA:173,1
DA:174,1
DA:176,3
DA:177,3
LF:42
LH:42
end_of_record
SF:lib\core\repositories\hive_tea_repositry.dart
DA:12,2
DA:21,2
DA:22,2
DA:23,2
DA:26,1
DA:27,5
DA:31,1
DA:32,3
DA:35,5
DA:38,3
DA:40,1
DA:41,3
DA:43,2
DA:47,2
DA:51,2
DA:53,4
DA:54,1
DA:58,2
DA:59,4
DA:60,2
DA:61,6
DA:69,2
DA:71,4
DA:72,1
DA:76,2
DA:77,4
DA:78,6
DA:86,1
DA:87,2
DA:91,1
DA:92,2
DA:96,1
DA:97,3
DA:98,3
DA:103,1
DA:104,3
DA:105,4
DA:109,2
DA:112,12
DA:113,2
DA:114,2
DA:115,2
DA:122,2
DA:126,12
DA:127,2
DA:128,2
DA:129,2
LF:47
LH:47
end_of_record
SF:lib\core\models\locale.dart
DA:1,4
LF:1
LH:1
end_of_record
SF:lib\core\models\tea.dart
DA:11,3
DA:61,0
DA:63,0
LF:3
LH:1
end_of_record
SF:lib\core\models\tea.g.dart
DA:13,0
DA:15,0
DA:16,0
DA:17,0
DA:19,0
DA:20,0
DA:21,0
DA:22,0
DA:23,0
DA:24,0
DA:25,0
DA:26,0
DA:27,0
DA:28,0
DA:29,0
DA:30,0
DA:34,2
DA:37,2
DA:38,2
DA:39,4
DA:40,2
DA:41,4
DA:42,2
DA:43,4
DA:44,2
DA:45,4
DA:46,2
DA:47,4
DA:48,2
DA:49,4
DA:50,2
DA:51,4
DA:52,2
DA:53,4
DA:54,2
DA:55,4
DA:56,2
DA:57,4
DA:58,2
DA:59,4
DA:62,0
DA:63,0
DA:65,0
DA:68,0
DA:69,0
DA:70,0
DA:77,0
DA:78,0
DA:79,0
DA:80,0
DA:81,0
DA:82,0
DA:84,0
DA:85,0
DA:86,0
DA:87,0
DA:88,0
DA:89,0
DA:90,0
DA:91,0
DA:94,0
DA:95,0
DA:96,0
DA:97,0
DA:98,0
DA:99,0
DA:100,0
DA:101,0
DA:102,0
DA:103,0
DA:104,0
DA:105,0
DA:106,0
LF:73
LH:24
end_of_record
SF:lib\core\models\tea_category.g.dart
DA:13,0
DA:15,0
DA:16,0
DA:17,0
DA:19,0
DA:20,0
DA:21,0
DA:25,2
DA:28,2
DA:29,2
DA:30,4
DA:31,2
DA:32,4
DA:35,0
DA:36,0
DA:38,0
DA:41,0
DA:42,0
DA:43,0
DA:50,0
DA:51,0
DA:52,0
DA:55,0
DA:56,0
DA:57,0
DA:58,0
LF:26
LH:6
end_of_record
SF:lib\core\models\tea_category.dart
DA:9,3
DA:20,0
DA:21,0
DA:23,0
LF:4
LH:1
end_of_record
SF:lib\core\repositories\sync_tea_repository.dart
DA:9,1
DA:10,2
DA:11,2
DA:17,1
DA:19,3
DA:22,1
DA:24,1
DA:25,1
DA:26,5
DA:28,2
DA:31,1
DA:33,4
DA:34,1
DA:40,2
DA:41,2
DA:44,1
DA:46,4
DA:47,1
DA:53,2
DA:54,2
DA:57,1
DA:59,6
DA:60,2
DA:63,1
DA:65,6
DA:66,2
DA:69,1
DA:70,5
DA:73,1
DA:74,5
DA:77,1
DA:79,1
DA:80,2
DA:81,1
DA:86,4
DA:89,1
DA:91,1
DA:92,2
DA:93,1
DA:98,4
DA:101,1
DA:103,2
DA:104,2
DA:105,2
DA:108,1
DA:110,2
DA:111,2
DA:112,2
LF:48
LH:48
end_of_record
SF:lib\core\timer\bloc\timer_event.dart
DA:5,1
DA:11,0
DA:17,0
DA:21,1
DA:25,1
DA:29,1
DA:34,0
LF:7
LH:4
end_of_record
SF:lib\core\timer\bloc\timer_state.dart
DA:9,1
DA:18,1
DA:22,0
DA:26,0
DA:30,0
DA:34,0
LF:6
LH:2
end_of_record
SF:lib\core\timer\bloc\timer_bloc.dart
DA:21,0
DA:23,0
DA:24,0
DA:27,0
DA:31,0
DA:32,0
DA:33,0
DA:34,0
DA:35,0
DA:36,0
DA:37,0
DA:40,0
DA:41,0
DA:43,0
DA:44,0
DA:48,0
DA:49,0
DA:51,0
DA:54,0
DA:55,0
DA:70,0
DA:72,0
DA:73,0
DA:74,0
DA:76,0
DA:77,0
DA:79,0
DA:80,0
DA:82,0
DA:83,0
DA:86,0
DA:89,0
DA:90,0
DA:91,0
DA:93,0
DA:94,0
DA:95,0
DA:96,0
DA:97,0
DA:101,0
DA:102,0
DA:103,0
DA:105,0
DA:106,0
DA:107,0
DA:108,0
DA:109,0
DA:113,0
DA:114,0
DA:115,0
DA:117,0
DA:118,0
DA:119,0
DA:120,0
DA:121,0
DA:125,0
DA:126,0
DA:127,0
DA:128,0
DA:129,0
DA:130,0
DA:131,0
DA:134,0
DA:135,0
DA:136,0
DA:137,0
DA:138,0
DA:143,0
DA:144,0
DA:145,0
DA:147,0
DA:148,0
DA:149,0
DA:151,0
LF:74
LH:0
end_of_record
SF:lib\pages\timer\timer_tea_information_view.dart
DA:11,1
DA:14,1
DA:18,1
DA:20,0
DA:21,0
DA:22,0
DA:26,0
DA:27,0
DA:32,0
DA:33,0
DA:38,0
DA:39,0
DA:44,2
DA:48,0
DA:50,0
DA:52,0
DA:53,0
DA:54,0
DA:61,0
DA:63,0
DA:64,0
DA:65,0
DA:67,0
DA:68,0
DA:69,0
DA:71,0
DA:72,0
DA:73,0
DA:75,0
DA:78,0
DA:80,0
DA:81,0
DA:82,0
DA:83,0
DA:86,0
DA:87,0
DA:88,0
DA:89,0
DA:90,0
DA:97,0
DA:98,0
DA:99,0
LF:42
LH:4
end_of_record
SF:lib\core\timer\ticker.dart
DA:3,0
DA:4,0
DA:5,0
DA:6,0
LF:4
LH:0
end_of_record
SF:lib\pages\timer\tea_information_icon.dart
DA:5,0
DA:9,0
DA:14,0
DA:16,0
DA:17,0
DA:18,0
DA:19,0
DA:21,0
DA:23,0
DA:24,0
DA:27,0
DA:29,0
DA:35,0
DA:37,0
DA:38,0
LF:15
LH:0
end_of_record
SF:lib\styles\buttons.dart
DA:5,0
DA:11,0
LF:2
LH:0
end_of_record
